[0.017s] Invoking command in '/home/user/robotics/ex09/full_name/build/full_name': CMAKE_PREFIX_PATH=${CMAKE_PREFIX_PATH}:/opt/ros/humble /usr/bin/cmake --build /home/user/robotics/ex09/full_name/build/full_name -- -j12 -l12
[0.145s] -- Found ament_cmake: 1.3.10 (/opt/ros/humble/share/ament_cmake/cmake)
[0.276s] -- Found ament_lint_auto: 0.12.11 (/opt/ros/humble/share/ament_lint_auto/cmake)
[0.332s] -- Found geometry_msgs: 4.2.4 (/opt/ros/humble/share/geometry_msgs/cmake)
[0.475s] -- Found rosidl_generator_c: 3.1.5 (/opt/ros/humble/share/rosidl_generator_c/cmake)
[0.479s] -- Found rosidl_adapter: 3.1.5 (/opt/ros/humble/share/rosidl_adapter/cmake)
[0.492s] -- Found rosidl_generator_cpp: 3.1.5 (/opt/ros/humble/share/rosidl_generator_cpp/cmake)
[0.512s] -- Using all available rosidl_typesupport_c: rosidl_typesupport_fastrtps_c;rosidl_typesupport_introspection_c
[0.534s] -- Using all available rosidl_typesupport_cpp: rosidl_typesupport_fastrtps_cpp;rosidl_typesupport_introspection_cpp
[0.591s] -- Found rosidl_default_generators: 1.2.0 (/opt/ros/humble/share/rosidl_default_generators/cmake)
[0.732s] -- Found ament_cmake_ros: 0.10.0 (/opt/ros/humble/share/ament_cmake_ros/cmake)
[0.937s] -- Using all available rosidl_typesupport_c: rosidl_typesupport_fastrtps_c;rosidl_typesupport_introspection_c
[1.013s] -- Using all available rosidl_typesupport_cpp: rosidl_typesupport_fastrtps_cpp;rosidl_typesupport_introspection_cpp
[1.029s] -- Found python_cmake_module: 0.10.0 (/opt/ros/humble/share/python_cmake_module/cmake)
[1.047s] -- Using PYTHON_EXECUTABLE: /usr/bin/python3
[1.047s] -- Using PYTHON_INCLUDE_DIRS: /usr/include/python3.10
[1.047s] -- Using PYTHON_LIBRARIES: /usr/lib/x86_64-linux-gnu/libpython3.10.so
[1.092s] -- Added test 'cppcheck' to perform static code analysis on C / C++ code
[1.092s] -- Configured cppcheck include dirs: $<BUILD_INTERFACE:/home/user/robotics/ex09/full_name/build/full_name/rosidl_generator_c>;$<BUILD_INTERFACE:/home/user/robotics/ex09/full_name/build/full_name/rosidl_typesupport_fastrtps_c>;$<BUILD_INTERFACE:/home/user/robotics/ex09/full_name/build/full_name/rosidl_generator_cpp>;$<BUILD_INTERFACE:/home/user/robotics/ex09/full_name/build/full_name/rosidl_typesupport_fastrtps_cpp>;$<BUILD_INTERFACE:/home/user/robotics/ex09/full_name/build/full_name/rosidl_typesupport_introspection_c>;$<BUILD_INTERFACE:/home/user/robotics/ex09/full_name/build/full_name/rosidl_typesupport_introspection_cpp>;/home/user/robotics/ex09/full_name/build/full_name/rosidl_generator_c;/home/user/robotics/ex09/full_name/build/full_name/rosidl_generator_py
[1.092s] -- Configured cppcheck exclude dirs and/or files: 
[1.097s] -- Added test 'flake8' to check Python code syntax and style conventions
[1.105s] -- Added test 'lint_cmake' to check CMake code style
[1.109s] -- Added test 'pep257' to check Python code against some of the docstring style conventions in PEP 257
[1.139s] -- Added test 'uncrustify' to check C / C++ code style
[1.140s] -- Configured uncrustify additional arguments: 
[1.144s] -- Added test 'xmllint' to check XML markup files
[1.160s] [31mCMake Error at /opt/ros/humble/share/ament_cmake_target_dependencies/cmake/ament_target_dependencies.cmake:77 (message):
[1.160s]   ament_target_dependencies() the passed package name 'rclcpp' was not found
[1.160s]   before
[1.160s] Call Stack (most recent call first):
[1.160s]   CMakeLists.txt:34 (ament_target_dependencies)
[1.160s] 
[1.160s] [0m
[1.160s] -- Configuring incomplete, errors occurred!
[1.160s] See also "/home/user/robotics/ex09/full_name/build/full_name/CMakeFiles/CMakeOutput.log".
[1.177s] gmake: *** [Makefile:963: cmake_check_build_system] Error 1
[1.179s] Invoked command in '/home/user/robotics/ex09/full_name/build/full_name' returned '2': CMAKE_PREFIX_PATH=${CMAKE_PREFIX_PATH}:/opt/ros/humble /usr/bin/cmake --build /home/user/robotics/ex09/full_name/build/full_name -- -j12 -l12
