[0.017s] Invoking command in '/home/user/robotics/ex09/full_name/build/full_name': CMAKE_PREFIX_PATH=${CMAKE_PREFIX_PATH}:/opt/ros/humble /usr/bin/cmake --build /home/user/robotics/ex09/full_name/build/full_name -- -j12 -l12
[0.176s] [  2%] Built target full_name__cpp
[0.177s] [ 11%] Built target full_name__rosidl_generator_c
[0.198s] [ 20%] Built target full_name__rosidl_typesupport_cpp
[0.200s] [ 30%] Built target full_name__rosidl_typesupport_introspection_c
[0.200s] [ 39%] Built target full_name__rosidl_typesupport_introspection_cpp
[0.200s] [ 48%] Built target full_name__rosidl_typesupport_c
[0.201s] [ 48%] Built target ament_cmake_python_copy_full_name
[0.202s] [ 58%] Built target full_name__rosidl_typesupport_fastrtps_cpp
[0.203s] [ 67%] Built target full_name__rosidl_typesupport_fastrtps_c
[0.210s] [35m[1mConsolidate compiler generated dependencies of target listener[0m
[0.211s] [35m[1mConsolidate compiler generated dependencies of target talker[0m
[0.218s] [ 67%] Built target full_name
[0.225s] [ 69%] [32mBuilding CXX object CMakeFiles/listener.dir/src/server/full_name_server.cpp.o[0m
[0.229s] [ 72%] [32mBuilding CXX object CMakeFiles/talker.dir/src/client/full_name_client.cpp.o[0m
[0.232s] [ 74%] Built target full_name__py
[0.262s] [ 81%] Built target full_name__rosidl_generator_py
[0.295s] [ 86%] Built target full_name__rosidl_typesupport_introspection_c__pyext
[0.296s] [ 90%] Built target full_name__rosidl_typesupport_fastrtps_c__pyext
[0.297s] [ 95%] Built target full_name__rosidl_typesupport_c__pyext
[0.375s] running egg_info
[0.376s] writing full_name.egg-info/PKG-INFO
[0.376s] writing dependency_links to full_name.egg-info/dependency_links.txt
[0.376s] writing top-level names to full_name.egg-info/top_level.txt
[0.382s] reading manifest file 'full_name.egg-info/SOURCES.txt'
[0.386s] writing manifest file 'full_name.egg-info/SOURCES.txt'
[0.403s] [ 95%] Built target ament_cmake_python_build_full_name_egg
[3.124s] [ 97%] [32m[1mLinking CXX executable listener[0m
[3.215s] [100%] [32m[1mLinking CXX executable talker[0m
[3.379s] [100%] Built target listener
[3.383s] [100%] Built target talker
[3.391s] Invoked command in '/home/user/robotics/ex09/full_name/build/full_name' returned '0': CMAKE_PREFIX_PATH=${CMAKE_PREFIX_PATH}:/opt/ros/humble /usr/bin/cmake --build /home/user/robotics/ex09/full_name/build/full_name -- -j12 -l12
[3.455s] Invoking command in '/home/user/robotics/ex09/full_name/build/full_name': CMAKE_PREFIX_PATH=${CMAKE_PREFIX_PATH}:/opt/ros/humble /usr/bin/cmake --install /home/user/robotics/ex09/full_name/build/full_name
[3.461s] -- Install configuration: ""
[3.462s] -- Up-to-date: /home/user/robotics/ex09/full_name/install/full_name/share/ament_index/resource_index/rosidl_interfaces/full_name
[3.463s] -- Up-to-date: /home/user/robotics/ex09/full_name/install/full_name/include/full_name/full_name
[3.463s] -- Up-to-date: /home/user/robotics/ex09/full_name/install/full_name/include/full_name/full_name/msg
[3.463s] -- Up-to-date: /home/user/robotics/ex09/full_name/install/full_name/include/full_name/full_name/msg/rosidl_generator_c__visibility_control.h
[3.463s] -- Up-to-date: /home/user/robotics/ex09/full_name/install/full_name/include/full_name/full_name/msg/detail
[3.463s] -- Up-to-date: /home/user/robotics/ex09/full_name/install/full_name/include/full_name/full_name/msg/detail/full_name_message__type_support.h
[3.463s] -- Up-to-date: /home/user/robotics/ex09/full_name/install/full_name/include/full_name/full_name/msg/detail/full_name_message__functions.h
[3.463s] -- Up-to-date: /home/user/robotics/ex09/full_name/install/full_name/include/full_name/full_name/msg/detail/full_name_message__struct.h
[3.463s] -- Up-to-date: /home/user/robotics/ex09/full_name/install/full_name/include/full_name/full_name/msg/detail/full_name_message__functions.c
[3.463s] -- Up-to-date: /home/user/robotics/ex09/full_name/install/full_name/include/full_name/full_name/msg/full_name_message.h
[3.463s] -- Up-to-date: /home/user/robotics/ex09/full_name/install/full_name/include/full_name/full_name/srv
[3.463s] -- Up-to-date: /home/user/robotics/ex09/full_name/install/full_name/include/full_name/full_name/srv/full_name_sum_service.h
[3.463s] -- Up-to-date: /home/user/robotics/ex09/full_name/install/full_name/include/full_name/full_name/srv/detail
[3.463s] -- Up-to-date: /home/user/robotics/ex09/full_name/install/full_name/include/full_name/full_name/srv/detail/full_name_sum_service__struct.h
[3.463s] -- Up-to-date: /home/user/robotics/ex09/full_name/install/full_name/include/full_name/full_name/srv/detail/full_name_sum_service__functions.c
[3.464s] -- Up-to-date: /home/user/robotics/ex09/full_name/install/full_name/include/full_name/full_name/srv/detail/full_name_sum_service__functions.h
[3.464s] -- Up-to-date: /home/user/robotics/ex09/full_name/install/full_name/include/full_name/full_name/srv/detail/full_name_sum_service__type_support.h
[3.464s] -- Up-to-date: /home/user/robotics/ex09/full_name/install/full_name/share/full_name/environment/library_path.sh
[3.464s] -- Installing: /home/user/robotics/ex09/full_name/install/full_name/share/full_name/environment/library_path.dsv
[3.465s] -- Up-to-date: /home/user/robotics/ex09/full_name/install/full_name/lib/libfull_name__rosidl_generator_c.so
[3.465s] -- Up-to-date: /home/user/robotics/ex09/full_name/install/full_name/include/full_name/full_name
[3.465s] -- Up-to-date: /home/user/robotics/ex09/full_name/install/full_name/include/full_name/full_name/msg
[3.465s] -- Up-to-date: /home/user/robotics/ex09/full_name/install/full_name/include/full_name/full_name/msg/detail
[3.466s] -- Up-to-date: /home/user/robotics/ex09/full_name/install/full_name/include/full_name/full_name/msg/detail/full_name_message__rosidl_typesupport_fastrtps_c.h
[3.466s] -- Up-to-date: /home/user/robotics/ex09/full_name/install/full_name/include/full_name/full_name/msg/rosidl_typesupport_fastrtps_c__visibility_control.h
[3.466s] -- Up-to-date: /home/user/robotics/ex09/full_name/install/full_name/include/full_name/full_name/srv
[3.466s] -- Up-to-date: /home/user/robotics/ex09/full_name/install/full_name/include/full_name/full_name/srv/detail
[3.466s] -- Up-to-date: /home/user/robotics/ex09/full_name/install/full_name/include/full_name/full_name/srv/detail/full_name_sum_service__rosidl_typesupport_fastrtps_c.h
[3.467s] -- Up-to-date: /home/user/robotics/ex09/full_name/install/full_name/lib/libfull_name__rosidl_typesupport_fastrtps_c.so
[3.467s] -- Up-to-date: /home/user/robotics/ex09/full_name/install/full_name/include/full_name/full_name
[3.467s] -- Up-to-date: /home/user/robotics/ex09/full_name/install/full_name/include/full_name/full_name/msg
[3.467s] -- Up-to-date: /home/user/robotics/ex09/full_name/install/full_name/include/full_name/full_name/msg/detail
[3.467s] -- Up-to-date: /home/user/robotics/ex09/full_name/install/full_name/include/full_name/full_name/msg/detail/full_name_message__traits.hpp
[3.467s] -- Up-to-date: /home/user/robotics/ex09/full_name/install/full_name/include/full_name/full_name/msg/detail/full_name_message__struct.hpp
[3.467s] -- Up-to-date: /home/user/robotics/ex09/full_name/install/full_name/include/full_name/full_name/msg/detail/full_name_message__builder.hpp
[3.467s] -- Up-to-date: /home/user/robotics/ex09/full_name/install/full_name/include/full_name/full_name/msg/full_name_message.hpp
[3.467s] -- Up-to-date: /home/user/robotics/ex09/full_name/install/full_name/include/full_name/full_name/srv
[3.467s] -- Up-to-date: /home/user/robotics/ex09/full_name/install/full_name/include/full_name/full_name/srv/detail
[3.467s] -- Up-to-date: /home/user/robotics/ex09/full_name/install/full_name/include/full_name/full_name/srv/detail/full_name_sum_service__builder.hpp
[3.468s] -- Up-to-date: /home/user/robotics/ex09/full_name/install/full_name/include/full_name/full_name/srv/detail/full_name_sum_service__traits.hpp
[3.468s] -- Up-to-date: /home/user/robotics/ex09/full_name/install/full_name/include/full_name/full_name/srv/detail/full_name_sum_service__struct.hpp
[3.468s] -- Up-to-date: /home/user/robotics/ex09/full_name/install/full_name/include/full_name/full_name/srv/full_name_sum_service.hpp
[3.468s] -- Up-to-date: /home/user/robotics/ex09/full_name/install/full_name/include/full_name/full_name
[3.468s] -- Up-to-date: /home/user/robotics/ex09/full_name/install/full_name/include/full_name/full_name/msg
[3.468s] -- Up-to-date: /home/user/robotics/ex09/full_name/install/full_name/include/full_name/full_name/msg/rosidl_typesupport_fastrtps_cpp__visibility_control.h
[3.468s] -- Up-to-date: /home/user/robotics/ex09/full_name/install/full_name/include/full_name/full_name/msg/detail
[3.468s] -- Up-to-date: /home/user/robotics/ex09/full_name/install/full_name/include/full_name/full_name/msg/detail/full_name_message__rosidl_typesupport_fastrtps_cpp.hpp
[3.468s] -- Up-to-date: /home/user/robotics/ex09/full_name/install/full_name/include/full_name/full_name/msg/detail/dds_fastrtps
[3.468s] -- Up-to-date: /home/user/robotics/ex09/full_name/install/full_name/include/full_name/full_name/srv
[3.468s] -- Up-to-date: /home/user/robotics/ex09/full_name/install/full_name/include/full_name/full_name/srv/detail
[3.468s] -- Up-to-date: /home/user/robotics/ex09/full_name/install/full_name/include/full_name/full_name/srv/detail/full_name_sum_service__rosidl_typesupport_fastrtps_cpp.hpp
[3.468s] -- Up-to-date: /home/user/robotics/ex09/full_name/install/full_name/include/full_name/full_name/srv/detail/dds_fastrtps
[3.468s] -- Up-to-date: /home/user/robotics/ex09/full_name/install/full_name/lib/libfull_name__rosidl_typesupport_fastrtps_cpp.so
[3.468s] -- Up-to-date: /home/user/robotics/ex09/full_name/install/full_name/include/full_name/full_name
[3.468s] -- Up-to-date: /home/user/robotics/ex09/full_name/install/full_name/include/full_name/full_name/msg
[3.468s] -- Up-to-date: /home/user/robotics/ex09/full_name/install/full_name/include/full_name/full_name/msg/detail
[3.468s] -- Up-to-date: /home/user/robotics/ex09/full_name/install/full_name/include/full_name/full_name/msg/detail/full_name_message__rosidl_typesupport_introspection_c.h
[3.469s] -- Up-to-date: /home/user/robotics/ex09/full_name/install/full_name/include/full_name/full_name/msg/detail/full_name_message__type_support.c
[3.469s] -- Up-to-date: /home/user/robotics/ex09/full_name/install/full_name/include/full_name/full_name/msg/rosidl_typesupport_introspection_c__visibility_control.h
[3.469s] -- Up-to-date: /home/user/robotics/ex09/full_name/install/full_name/include/full_name/full_name/srv
[3.469s] -- Up-to-date: /home/user/robotics/ex09/full_name/install/full_name/include/full_name/full_name/srv/detail
[3.469s] -- Up-to-date: /home/user/robotics/ex09/full_name/install/full_name/include/full_name/full_name/srv/detail/full_name_sum_service__rosidl_typesupport_introspection_c.h
[3.469s] -- Up-to-date: /home/user/robotics/ex09/full_name/install/full_name/include/full_name/full_name/srv/detail/full_name_sum_service__type_support.c
[3.469s] -- Up-to-date: /home/user/robotics/ex09/full_name/install/full_name/lib/libfull_name__rosidl_typesupport_introspection_c.so
[3.469s] -- Up-to-date: /home/user/robotics/ex09/full_name/install/full_name/lib/libfull_name__rosidl_typesupport_c.so
[3.469s] -- Up-to-date: /home/user/robotics/ex09/full_name/install/full_name/include/full_name/full_name
[3.469s] -- Up-to-date: /home/user/robotics/ex09/full_name/install/full_name/include/full_name/full_name/msg
[3.469s] -- Up-to-date: /home/user/robotics/ex09/full_name/install/full_name/include/full_name/full_name/msg/detail
[3.469s] -- Up-to-date: /home/user/robotics/ex09/full_name/install/full_name/include/full_name/full_name/msg/detail/full_name_message__type_support.cpp
[3.469s] -- Up-to-date: /home/user/robotics/ex09/full_name/install/full_name/include/full_name/full_name/msg/detail/full_name_message__rosidl_typesupport_introspection_cpp.hpp
[3.469s] -- Up-to-date: /home/user/robotics/ex09/full_name/install/full_name/include/full_name/full_name/srv
[3.469s] -- Up-to-date: /home/user/robotics/ex09/full_name/install/full_name/include/full_name/full_name/srv/detail
[3.470s] -- Up-to-date: /home/user/robotics/ex09/full_name/install/full_name/include/full_name/full_name/srv/detail/full_name_sum_service__rosidl_typesupport_introspection_cpp.hpp
[3.470s] -- Up-to-date: /home/user/robotics/ex09/full_name/install/full_name/include/full_name/full_name/srv/detail/full_name_sum_service__type_support.cpp
[3.470s] -- Up-to-date: /home/user/robotics/ex09/full_name/install/full_name/lib/libfull_name__rosidl_typesupport_introspection_cpp.so
[3.470s] -- Up-to-date: /home/user/robotics/ex09/full_name/install/full_name/lib/libfull_name__rosidl_typesupport_cpp.so
[3.470s] -- Up-to-date: /home/user/robotics/ex09/full_name/install/full_name/share/full_name/environment/pythonpath.sh
[3.470s] -- Installing: /home/user/robotics/ex09/full_name/install/full_name/share/full_name/environment/pythonpath.dsv
[3.471s] -- Up-to-date: /home/user/robotics/ex09/full_name/install/full_name/local/lib/python3.10/dist-packages/full_name-0.0.0-py3.10.egg-info
[3.471s] -- Installing: /home/user/robotics/ex09/full_name/install/full_name/local/lib/python3.10/dist-packages/full_name-0.0.0-py3.10.egg-info/PKG-INFO
[3.471s] -- Installing: /home/user/robotics/ex09/full_name/install/full_name/local/lib/python3.10/dist-packages/full_name-0.0.0-py3.10.egg-info/SOURCES.txt
[3.471s] -- Installing: /home/user/robotics/ex09/full_name/install/full_name/local/lib/python3.10/dist-packages/full_name-0.0.0-py3.10.egg-info/dependency_links.txt
[3.471s] -- Installing: /home/user/robotics/ex09/full_name/install/full_name/local/lib/python3.10/dist-packages/full_name-0.0.0-py3.10.egg-info/top_level.txt
[3.472s] -- Up-to-date: /home/user/robotics/ex09/full_name/install/full_name/local/lib/python3.10/dist-packages/full_name
[3.472s] -- Up-to-date: /home/user/robotics/ex09/full_name/install/full_name/local/lib/python3.10/dist-packages/full_name/full_name_s__rosidl_typesupport_fastrtps_c.cpython-310-x86_64-linux-gnu.so
[3.472s] -- Up-to-date: /home/user/robotics/ex09/full_name/install/full_name/local/lib/python3.10/dist-packages/full_name/_full_name_s.ep.rosidl_typesupport_c.c
[3.472s] -- Up-to-date: /home/user/robotics/ex09/full_name/install/full_name/local/lib/python3.10/dist-packages/full_name/_full_name_s.ep.rosidl_typesupport_fastrtps_c.c
[3.472s] -- Installing: /home/user/robotics/ex09/full_name/install/full_name/local/lib/python3.10/dist-packages/full_name/__init__.py
[3.472s] -- Up-to-date: /home/user/robotics/ex09/full_name/install/full_name/local/lib/python3.10/dist-packages/full_name/msg
[3.472s] -- Up-to-date: /home/user/robotics/ex09/full_name/install/full_name/local/lib/python3.10/dist-packages/full_name/msg/_full_name_message_s.c
[3.472s] -- Up-to-date: /home/user/robotics/ex09/full_name/install/full_name/local/lib/python3.10/dist-packages/full_name/msg/__init__.py
[3.472s] -- Up-to-date: /home/user/robotics/ex09/full_name/install/full_name/local/lib/python3.10/dist-packages/full_name/msg/_full_name_message.py
[3.472s] -- Up-to-date: /home/user/robotics/ex09/full_name/install/full_name/local/lib/python3.10/dist-packages/full_name/full_name_s__rosidl_typesupport_c.cpython-310-x86_64-linux-gnu.so
[3.472s] -- Up-to-date: /home/user/robotics/ex09/full_name/install/full_name/local/lib/python3.10/dist-packages/full_name/srv
[3.472s] -- Up-to-date: /home/user/robotics/ex09/full_name/install/full_name/local/lib/python3.10/dist-packages/full_name/srv/_full_name_sum_service_s.c
[3.473s] -- Up-to-date: /home/user/robotics/ex09/full_name/install/full_name/local/lib/python3.10/dist-packages/full_name/srv/__init__.py
[3.475s] -- Up-to-date: /home/user/robotics/ex09/full_name/install/full_name/local/lib/python3.10/dist-packages/full_name/srv/_full_name_sum_service.py
[3.475s] -- Up-to-date: /home/user/robotics/ex09/full_name/install/full_name/local/lib/python3.10/dist-packages/full_name/full_name_s__rosidl_typesupport_introspection_c.cpython-310-x86_64-linux-gnu.so
[3.475s] -- Up-to-date: /home/user/robotics/ex09/full_name/install/full_name/local/lib/python3.10/dist-packages/full_name/_full_name_s.ep.rosidl_typesupport_introspection_c.c
[3.475s] -- Up-to-date: /home/user/robotics/ex09/full_name/install/full_name/local/lib/python3.10/dist-packages/full_name/libfull_name__rosidl_generator_py.so
[3.498s] Listing '/home/user/robotics/ex09/full_name/install/full_name/local/lib/python3.10/dist-packages/full_name'...
[3.498s] Compiling '/home/user/robotics/ex09/full_name/install/full_name/local/lib/python3.10/dist-packages/full_name/__init__.py'...
[3.498s] Listing '/home/user/robotics/ex09/full_name/install/full_name/local/lib/python3.10/dist-packages/full_name/msg'...
[3.498s] Listing '/home/user/robotics/ex09/full_name/install/full_name/local/lib/python3.10/dist-packages/full_name/srv'...
[3.502s] -- Up-to-date: /home/user/robotics/ex09/full_name/install/full_name/local/lib/python3.10/dist-packages/full_name/full_name_s__rosidl_typesupport_fastrtps_c.cpython-310-x86_64-linux-gnu.so
[3.503s] -- Up-to-date: /home/user/robotics/ex09/full_name/install/full_name/local/lib/python3.10/dist-packages/full_name/full_name_s__rosidl_typesupport_introspection_c.cpython-310-x86_64-linux-gnu.so
[3.504s] -- Up-to-date: /home/user/robotics/ex09/full_name/install/full_name/local/lib/python3.10/dist-packages/full_name/full_name_s__rosidl_typesupport_c.cpython-310-x86_64-linux-gnu.so
[3.504s] -- Up-to-date: /home/user/robotics/ex09/full_name/install/full_name/lib/libfull_name__rosidl_generator_py.so
[3.504s] -- Up-to-date: /home/user/robotics/ex09/full_name/install/full_name/share/full_name/msg/FullNameMessage.idl
[3.505s] -- Up-to-date: /home/user/robotics/ex09/full_name/install/full_name/share/full_name/srv/FullNameSumService.idl
[3.505s] -- Up-to-date: /home/user/robotics/ex09/full_name/install/full_name/share/full_name/msg/FullNameMessage.msg
[3.505s] -- Up-to-date: /home/user/robotics/ex09/full_name/install/full_name/share/full_name/srv/FullNameSumService.srv
[3.505s] -- Up-to-date: /home/user/robotics/ex09/full_name/install/full_name/share/full_name/srv/FullNameSumService_Request.msg
[3.505s] -- Up-to-date: /home/user/robotics/ex09/full_name/install/full_name/share/full_name/srv/FullNameSumService_Response.msg
[3.505s] -- Installing: /home/user/robotics/ex09/full_name/install/full_name/lib/full_name/talker
[3.506s] -- Set runtime path of "/home/user/robotics/ex09/full_name/install/full_name/lib/full_name/talker" to ""
[3.506s] -- Installing: /home/user/robotics/ex09/full_name/install/full_name/lib/full_name/listener
[3.507s] -- Set runtime path of "/home/user/robotics/ex09/full_name/install/full_name/lib/full_name/listener" to ""
[3.507s] -- Up-to-date: /home/user/robotics/ex09/full_name/install/full_name/share/ament_index/resource_index/package_run_dependencies/full_name
[3.508s] -- Up-to-date: /home/user/robotics/ex09/full_name/install/full_name/share/ament_index/resource_index/parent_prefix_path/full_name
[3.508s] -- Up-to-date: /home/user/robotics/ex09/full_name/install/full_name/share/full_name/environment/ament_prefix_path.sh
[3.508s] -- Installing: /home/user/robotics/ex09/full_name/install/full_name/share/full_name/environment/ament_prefix_path.dsv
[3.508s] -- Up-to-date: /home/user/robotics/ex09/full_name/install/full_name/share/full_name/environment/path.sh
[3.508s] -- Installing: /home/user/robotics/ex09/full_name/install/full_name/share/full_name/environment/path.dsv
[3.509s] -- Up-to-date: /home/user/robotics/ex09/full_name/install/full_name/share/full_name/local_setup.bash
[3.509s] -- Up-to-date: /home/user/robotics/ex09/full_name/install/full_name/share/full_name/local_setup.sh
[3.509s] -- Up-to-date: /home/user/robotics/ex09/full_name/install/full_name/share/full_name/local_setup.zsh
[3.509s] -- Installing: /home/user/robotics/ex09/full_name/install/full_name/share/full_name/local_setup.dsv
[3.509s] -- Installing: /home/user/robotics/ex09/full_name/install/full_name/share/full_name/package.dsv
[3.510s] -- Up-to-date: /home/user/robotics/ex09/full_name/install/full_name/share/ament_index/resource_index/packages/full_name
[3.510s] -- Up-to-date: /home/user/robotics/ex09/full_name/install/full_name/share/full_name/cmake/export_full_name__rosidl_generator_cExport.cmake
[3.511s] -- Up-to-date: /home/user/robotics/ex09/full_name/install/full_name/share/full_name/cmake/export_full_name__rosidl_generator_cExport-noconfig.cmake
[3.511s] -- Up-to-date: /home/user/robotics/ex09/full_name/install/full_name/share/full_name/cmake/export_full_name__rosidl_typesupport_fastrtps_cExport.cmake
[3.511s] -- Up-to-date: /home/user/robotics/ex09/full_name/install/full_name/share/full_name/cmake/export_full_name__rosidl_typesupport_fastrtps_cExport-noconfig.cmake
[3.512s] -- Up-to-date: /home/user/robotics/ex09/full_name/install/full_name/share/full_name/cmake/export_full_name__rosidl_generator_cppExport.cmake
[3.513s] -- Up-to-date: /home/user/robotics/ex09/full_name/install/full_name/share/full_name/cmake/export_full_name__rosidl_typesupport_fastrtps_cppExport.cmake
[3.513s] -- Up-to-date: /home/user/robotics/ex09/full_name/install/full_name/share/full_name/cmake/export_full_name__rosidl_typesupport_fastrtps_cppExport-noconfig.cmake
[3.514s] -- Up-to-date: /home/user/robotics/ex09/full_name/install/full_name/share/full_name/cmake/full_name__rosidl_typesupport_introspection_cExport.cmake
[3.514s] -- Up-to-date: /home/user/robotics/ex09/full_name/install/full_name/share/full_name/cmake/full_name__rosidl_typesupport_introspection_cExport-noconfig.cmake
[3.514s] -- Up-to-date: /home/user/robotics/ex09/full_name/install/full_name/share/full_name/cmake/full_name__rosidl_typesupport_cExport.cmake
[3.514s] -- Up-to-date: /home/user/robotics/ex09/full_name/install/full_name/share/full_name/cmake/full_name__rosidl_typesupport_cExport-noconfig.cmake
[3.515s] -- Up-to-date: /home/user/robotics/ex09/full_name/install/full_name/share/full_name/cmake/full_name__rosidl_typesupport_introspection_cppExport.cmake
[3.515s] -- Up-to-date: /home/user/robotics/ex09/full_name/install/full_name/share/full_name/cmake/full_name__rosidl_typesupport_introspection_cppExport-noconfig.cmake
[3.516s] -- Up-to-date: /home/user/robotics/ex09/full_name/install/full_name/share/full_name/cmake/full_name__rosidl_typesupport_cppExport.cmake
[3.516s] -- Up-to-date: /home/user/robotics/ex09/full_name/install/full_name/share/full_name/cmake/full_name__rosidl_typesupport_cppExport-noconfig.cmake
[3.519s] -- Up-to-date: /home/user/robotics/ex09/full_name/install/full_name/share/full_name/cmake/export_full_name__rosidl_generator_pyExport.cmake
[3.519s] -- Up-to-date: /home/user/robotics/ex09/full_name/install/full_name/share/full_name/cmake/export_full_name__rosidl_generator_pyExport-noconfig.cmake
[3.519s] -- Up-to-date: /home/user/robotics/ex09/full_name/install/full_name/share/full_name/cmake/rosidl_cmake-extras.cmake
[3.520s] -- Up-to-date: /home/user/robotics/ex09/full_name/install/full_name/share/full_name/cmake/ament_cmake_export_include_directories-extras.cmake
[3.520s] -- Up-to-date: /home/user/robotics/ex09/full_name/install/full_name/share/full_name/cmake/ament_cmake_export_libraries-extras.cmake
[3.520s] -- Up-to-date: /home/user/robotics/ex09/full_name/install/full_name/share/full_name/cmake/ament_cmake_export_targets-extras.cmake
[3.520s] -- Up-to-date: /home/user/robotics/ex09/full_name/install/full_name/share/full_name/cmake/rosidl_cmake_export_typesupport_targets-extras.cmake
[3.520s] -- Up-to-date: /home/user/robotics/ex09/full_name/install/full_name/share/full_name/cmake/ament_cmake_export_dependencies-extras.cmake
[3.520s] -- Up-to-date: /home/user/robotics/ex09/full_name/install/full_name/share/full_name/cmake/rosidl_cmake_export_typesupport_libraries-extras.cmake
[3.520s] -- Up-to-date: /home/user/robotics/ex09/full_name/install/full_name/share/full_name/cmake/full_nameConfig.cmake
[3.520s] -- Up-to-date: /home/user/robotics/ex09/full_name/install/full_name/share/full_name/cmake/full_nameConfig-version.cmake
[3.520s] -- Installing: /home/user/robotics/ex09/full_name/install/full_name/share/full_name/package.xml
[3.522s] Invoked command in '/home/user/robotics/ex09/full_name/build/full_name' returned '0': CMAKE_PREFIX_PATH=${CMAKE_PREFIX_PATH}:/opt/ros/humble /usr/bin/cmake --install /home/user/robotics/ex09/full_name/build/full_name
