[0.018s] Invoking command in '/home/user/robotics/ex09/full_name/build/full_name': CMAKE_PREFIX_PATH=${CMAKE_PREFIX_PATH}:/opt/ros/humble /usr/bin/cmake --build /home/user/robotics/ex09/full_name/build/full_name -- -j12 -l12
[0.146s] -- Found ament_cmake: 1.3.10 (/opt/ros/humble/share/ament_cmake/cmake)
[0.279s] -- Found ament_lint_auto: 0.12.11 (/opt/ros/humble/share/ament_lint_auto/cmake)
[0.335s] -- Found geometry_msgs: 4.2.4 (/opt/ros/humble/share/geometry_msgs/cmake)
[0.504s] -- Found rosidl_generator_c: 3.1.5 (/opt/ros/humble/share/rosidl_generator_c/cmake)
[0.509s] -- Found rosidl_adapter: 3.1.5 (/opt/ros/humble/share/rosidl_adapter/cmake)
[0.522s] -- Found rosidl_generator_cpp: 3.1.5 (/opt/ros/humble/share/rosidl_generator_cpp/cmake)
[0.540s] -- Using all available rosidl_typesupport_c: rosidl_typesupport_fastrtps_c;rosidl_typesupport_introspection_c
[0.561s] -- Using all available rosidl_typesupport_cpp: rosidl_typesupport_fastrtps_cpp;rosidl_typesupport_introspection_cpp
[0.616s] -- Found rosidl_default_generators: 1.2.0 (/opt/ros/humble/share/rosidl_default_generators/cmake)
[0.755s] -- Found ament_cmake_ros: 0.10.0 (/opt/ros/humble/share/ament_cmake_ros/cmake)
[0.958s] -- Using all available rosidl_typesupport_c: rosidl_typesupport_fastrtps_c;rosidl_typesupport_introspection_c
[1.033s] -- Using all available rosidl_typesupport_cpp: rosidl_typesupport_fastrtps_cpp;rosidl_typesupport_introspection_cpp
[1.049s] -- Found python_cmake_module: 0.10.0 (/opt/ros/humble/share/python_cmake_module/cmake)
[1.066s] -- Using PYTHON_EXECUTABLE: /usr/bin/python3
[1.066s] -- Using PYTHON_INCLUDE_DIRS: /usr/include/python3.10
[1.066s] -- Using PYTHON_LIBRARIES: /usr/lib/x86_64-linux-gnu/libpython3.10.so
[1.112s] -- Added test 'cppcheck' to perform static code analysis on C / C++ code
[1.112s] -- Configured cppcheck include dirs: $<BUILD_INTERFACE:/home/user/robotics/ex09/full_name/build/full_name/rosidl_generator_c>;$<BUILD_INTERFACE:/home/user/robotics/ex09/full_name/build/full_name/rosidl_typesupport_fastrtps_c>;$<BUILD_INTERFACE:/home/user/robotics/ex09/full_name/build/full_name/rosidl_generator_cpp>;$<BUILD_INTERFACE:/home/user/robotics/ex09/full_name/build/full_name/rosidl_typesupport_fastrtps_cpp>;$<BUILD_INTERFACE:/home/user/robotics/ex09/full_name/build/full_name/rosidl_typesupport_introspection_c>;$<BUILD_INTERFACE:/home/user/robotics/ex09/full_name/build/full_name/rosidl_typesupport_introspection_cpp>;/home/user/robotics/ex09/full_name/build/full_name/rosidl_generator_c;/home/user/robotics/ex09/full_name/build/full_name/rosidl_generator_py
[1.112s] -- Configured cppcheck exclude dirs and/or files: 
[1.117s] -- Added test 'flake8' to check Python code syntax and style conventions
[1.125s] -- Added test 'lint_cmake' to check CMake code style
[1.129s] -- Added test 'pep257' to check Python code against some of the docstring style conventions in PEP 257
[1.160s] -- Added test 'uncrustify' to check C / C++ code style
[1.160s] -- Configured uncrustify additional arguments: 
[1.165s] -- Added test 'xmllint' to check XML markup files
[1.182s] -- Found rclcpp: 16.0.10 (/opt/ros/humble/share/rclcpp/cmake)
[1.236s] -- Found rmw_implementation_cmake: 6.1.2 (/opt/ros/humble/share/rmw_implementation_cmake/cmake)
[1.240s] -- Found rmw_fastrtps_cpp: 6.2.7 (/opt/ros/humble/share/rmw_fastrtps_cpp/cmake)
[4.598s] -- Using RMW implementation 'rmw_fastrtps_cpp' as default
[4.665s] -- Found full_name: 0.0.0 (/home/user/robotics/ex09/full_name/install/full_name/share/full_name/cmake)
[4.679s] [31mCMake Error at /opt/ros/humble/share/ament_cmake_core/cmake/environment_hooks/ament_environment_hooks.cmake:29 (message):
[4.679s]   ament_environment_hooks() must be called before
[4.680s]   ament_generate_package_environment() (which is invoked by ament_package())
[4.680s] Call Stack (most recent call first):
[4.680s]   /opt/ros/humble/share/ament_cmake_core/cmake/environment_hooks/ament_cmake_environment_hooks_package_hook.cmake:20 (ament_environment_hooks)
[4.680s]   /opt/ros/humble/share/ament_cmake_core/cmake/core/ament_execute_extensions.cmake:48 (include)
[4.680s]   /opt/ros/humble/share/ament_cmake_core/cmake/core/ament_package.cmake:66 (ament_execute_extensions)
[4.680s]   CMakeLists.txt:49 (ament_package)
[4.680s] 
[4.680s] [0m
[4.680s] -- Configuring incomplete, errors occurred!
[4.680s] See also "/home/user/robotics/ex09/full_name/build/full_name/CMakeFiles/CMakeOutput.log".
[4.698s] gmake: *** [Makefile:963: cmake_check_build_system] Error 1
[4.700s] Invoked command in '/home/user/robotics/ex09/full_name/build/full_name' returned '2': CMAKE_PREFIX_PATH=${CMAKE_PREFIX_PATH}:/opt/ros/humble /usr/bin/cmake --build /home/user/robotics/ex09/full_name/build/full_name -- -j12 -l12
