[  2%] Built target full_name__cpp
[ 11%] Built target full_name__rosidl_generator_c
[ 11%] Built target ament_cmake_python_copy_full_name
[ 20%] Built target full_name__rosidl_typesupport_cpp
[ 30%] Built target full_name__rosidl_typesupport_introspection_c
[ 39%] Built target full_name__rosidl_typesupport_c
[ 48%] Built target full_name__rosidl_typesupport_fastrtps_cpp
[ 58%] Built target full_name__rosidl_typesupport_introspection_cpp
[ 67%] Built target full_name__rosidl_typesupport_fastrtps_c
[ 72%] [32mBuilding CXX object CMakeFiles/talker.dir/src/client/full_name_client.cpp.o[0m
[ 72%] Built target full_name
[ 72%] [32mBuilding CXX object CMakeFiles/listener.dir/src/server/full_name_server.cpp.o[0m
[ 74%] Built target full_name__py
[ 81%] Built target full_name__rosidl_generator_py
[ 95%] Built target full_name__rosidl_typesupport_introspection_c__pyext
[ 95%] Built target full_name__rosidl_typesupport_fastrtps_c__pyext
[ 95%] Built target full_name__rosidl_typesupport_c__pyext
running egg_info
writing full_name.egg-info/PKG-INFO
writing dependency_links to full_name.egg-info/dependency_links.txt
writing top-level names to full_name.egg-info/top_level.txt
reading manifest file 'full_name.egg-info/SOURCES.txt'
writing manifest file 'full_name.egg-info/SOURCES.txt'
[ 95%] Built target ament_cmake_python_build_full_name_egg
