[0.355s] DEBUG:colcon:Command line arguments: ['/usr/bin/colcon', 'build', '--packages-select', 'full_name']
[0.355s] DEBUG:colcon:Parsed command line arguments: Namespace(log_base=None, log_level=None, verb_name='build', build_base='build', install_base='install', merge_install=False, symlink_install=False, test_result_base=None, continue_on_error=False, executor='parallel', parallel_workers=12, event_handlers=None, ignore_user_meta=False, metas=['./colcon.meta'], base_paths=['.'], packages_ignore=None, packages_ignore_regex=None, paths=None, packages_up_to=None, packages_up_to_regex=None, packages_above=None, packages_above_and_dependencies=None, packages_above_depth=None, packages_select_by_dep=None, packages_skip_by_dep=None, packages_skip_up_to=None, packages_select_build_failed=False, packages_skip_build_finished=False, packages_select_test_failures=False, packages_skip_test_passed=False, packages_select=['full_name'], packages_skip=None, packages_select_regex=None, packages_skip_regex=None, packages_start=None, packages_end=None, allow_overriding=[], cmake_args=None, cmake_target=None, cmake_target_skip_unavailable=False, cmake_clean_cache=False, cmake_clean_first=False, cmake_force_configure=False, ament_cmake_args=None, catkin_cmake_args=None, catkin_skip_building_tests=False, mixin_files=None, mixin=None, verb_parser=<colcon_mixin.mixin.mixin_argument.MixinArgumentDecorator object at 0x7fd95016d150>, verb_extension=<colcon_core.verb.build.BuildVerb object at 0x7fd9502858a0>, main=<bound method BuildVerb.main of <colcon_core.verb.build.BuildVerb object at 0x7fd9502858a0>>, mixin_verb=('build',))
[0.823s] Level 1:colcon.colcon_core.package_discovery:discover_packages(colcon_meta) check parameters
[0.823s] Level 1:colcon.colcon_core.package_discovery:discover_packages(recursive) check parameters
[0.823s] Level 1:colcon.colcon_core.package_discovery:discover_packages(ignore) check parameters
[0.823s] Level 1:colcon.colcon_core.package_discovery:discover_packages(path) check parameters
[0.823s] Level 1:colcon.colcon_core.package_discovery:discover_packages(colcon_meta) discover
[0.823s] Level 1:colcon.colcon_core.package_discovery:discover_packages(recursive) discover
[0.823s] INFO:colcon.colcon_core.package_discovery:Crawling recursively for packages in '/home/user/robotics/ex09/full_name'
[0.823s] Level 1:colcon.colcon_core.package_identification:_identify(.) by extensions ['ignore', 'ignore_ament_install']
[0.823s] Level 1:colcon.colcon_core.package_identification:_identify(.) by extension 'ignore'
[0.823s] Level 1:colcon.colcon_core.package_identification:_identify(.) by extension 'ignore_ament_install'
[0.823s] Level 1:colcon.colcon_core.package_identification:_identify(.) by extensions ['colcon_pkg']
[0.823s] Level 1:colcon.colcon_core.package_identification:_identify(.) by extension 'colcon_pkg'
[0.823s] Level 1:colcon.colcon_core.package_identification:_identify(.) by extensions ['colcon_meta']
[0.823s] Level 1:colcon.colcon_core.package_identification:_identify(.) by extension 'colcon_meta'
[0.823s] Level 1:colcon.colcon_core.package_identification:_identify(.) by extensions ['ros']
[0.823s] Level 1:colcon.colcon_core.package_identification:_identify(.) by extension 'ros'
[0.842s] DEBUG:colcon.colcon_core.package_identification:Package '.' with type 'ros.ament_cmake' and name 'full_name'
[0.842s] Level 1:colcon.colcon_core.package_discovery:discover_packages(recursive) using defaults
[0.843s] Level 1:colcon.colcon_core.package_discovery:discover_packages(ignore) discover
[0.843s] Level 1:colcon.colcon_core.package_discovery:discover_packages(ignore) using defaults
[0.843s] Level 1:colcon.colcon_core.package_discovery:discover_packages(path) discover
[0.843s] Level 1:colcon.colcon_core.package_discovery:discover_packages(path) using defaults
[0.879s] Level 1:colcon.colcon_core.package_discovery:discover_packages(prefix_path) check parameters
[0.879s] Level 1:colcon.colcon_core.package_discovery:discover_packages(prefix_path) discover
[0.885s] DEBUG:colcon.colcon_installed_package_information.package_discovery:Found 1 installed packages in /home/user/ros2_ws/install
[0.887s] DEBUG:colcon.colcon_installed_package_information.package_discovery:Found 270 installed packages in /opt/ros/humble
[0.888s] Level 1:colcon.colcon_core.package_discovery:discover_packages(prefix_path) using defaults
[1.029s] Level 5:colcon.colcon_core.verb:set package 'full_name' build argument 'cmake_args' from command line to 'None'
[1.029s] Level 5:colcon.colcon_core.verb:set package 'full_name' build argument 'cmake_target' from command line to 'None'
[1.029s] Level 5:colcon.colcon_core.verb:set package 'full_name' build argument 'cmake_target_skip_unavailable' from command line to 'False'
[1.029s] Level 5:colcon.colcon_core.verb:set package 'full_name' build argument 'cmake_clean_cache' from command line to 'False'
[1.029s] Level 5:colcon.colcon_core.verb:set package 'full_name' build argument 'cmake_clean_first' from command line to 'False'
[1.029s] Level 5:colcon.colcon_core.verb:set package 'full_name' build argument 'cmake_force_configure' from command line to 'False'
[1.029s] Level 5:colcon.colcon_core.verb:set package 'full_name' build argument 'ament_cmake_args' from command line to 'None'
[1.029s] Level 5:colcon.colcon_core.verb:set package 'full_name' build argument 'catkin_cmake_args' from command line to 'None'
[1.029s] Level 5:colcon.colcon_core.verb:set package 'full_name' build argument 'catkin_skip_building_tests' from command line to 'False'
[1.029s] DEBUG:colcon.colcon_core.verb:Building package 'full_name' with the following arguments: {'ament_cmake_args': None, 'build_base': '/home/user/robotics/ex09/full_name/build/full_name', 'catkin_cmake_args': None, 'catkin_skip_building_tests': False, 'cmake_args': None, 'cmake_clean_cache': False, 'cmake_clean_first': False, 'cmake_force_configure': False, 'cmake_target': None, 'cmake_target_skip_unavailable': False, 'install_base': '/home/user/robotics/ex09/full_name/install/full_name', 'merge_install': False, 'path': '/home/user/robotics/ex09/full_name', 'symlink_install': False, 'test_result_base': None}
[1.029s] INFO:colcon.colcon_core.executor:Executing jobs using 'parallel' executor
[1.030s] DEBUG:colcon.colcon_parallel_executor.executor.parallel:run_until_complete
[1.030s] INFO:colcon.colcon_ros.task.ament_cmake.build:Building ROS package in '/home/user/robotics/ex09/full_name' with build type 'ament_cmake'
[1.030s] INFO:colcon.colcon_cmake.task.cmake.build:Building CMake package in '/home/user/robotics/ex09/full_name'
[1.037s] INFO:colcon.colcon_core.plugin_system:Skipping extension 'colcon_core.shell.bat': Not used on non-Windows systems
[1.038s] INFO:colcon.colcon_core.shell:Skip shell extension 'powershell' for command environment: Not usable outside of PowerShell
[1.038s] DEBUG:colcon.colcon_core.shell:Skip shell extension 'dsv' for command environment
[1.048s] DEBUG:colcon.colcon_core.event_handler.log_command:Invoking command in '/home/user/robotics/ex09/full_name/build/full_name': CMAKE_PREFIX_PATH=${CMAKE_PREFIX_PATH}:/opt/ros/humble /usr/bin/cmake --build /home/user/robotics/ex09/full_name/build/full_name -- -j12 -l12
[4.423s] DEBUG:colcon.colcon_core.event_handler.log_command:Invoked command in '/home/user/robotics/ex09/full_name/build/full_name' returned '0': CMAKE_PREFIX_PATH=${CMAKE_PREFIX_PATH}:/opt/ros/humble /usr/bin/cmake --build /home/user/robotics/ex09/full_name/build/full_name -- -j12 -l12
[4.486s] DEBUG:colcon.colcon_core.event_handler.log_command:Invoking command in '/home/user/robotics/ex09/full_name/build/full_name': CMAKE_PREFIX_PATH=${CMAKE_PREFIX_PATH}:/opt/ros/humble /usr/bin/cmake --install /home/user/robotics/ex09/full_name/build/full_name
[4.553s] Level 1:colcon.colcon_core.environment:create_environment_scripts_only(full_name)
[4.553s] DEBUG:colcon.colcon_core.event_handler.log_command:Invoked command in '/home/user/robotics/ex09/full_name/build/full_name' returned '0': CMAKE_PREFIX_PATH=${CMAKE_PREFIX_PATH}:/opt/ros/humble /usr/bin/cmake --install /home/user/robotics/ex09/full_name/build/full_name
[4.562s] Level 1:colcon.colcon_core.environment:checking '/home/user/robotics/ex09/full_name/install/full_name' for CMake module files
[4.562s] Level 1:colcon.colcon_core.environment:checking '/home/user/robotics/ex09/full_name/install/full_name' for CMake config files
[4.563s] Level 1:colcon.colcon_core.shell:create_environment_hook('full_name', 'cmake_prefix_path')
[4.563s] INFO:colcon.colcon_core.shell:Creating environment hook '/home/user/robotics/ex09/full_name/install/full_name/share/full_name/hook/cmake_prefix_path.ps1'
[4.564s] INFO:colcon.colcon_core.shell:Creating environment descriptor '/home/user/robotics/ex09/full_name/install/full_name/share/full_name/hook/cmake_prefix_path.dsv'
[4.565s] INFO:colcon.colcon_core.shell:Creating environment hook '/home/user/robotics/ex09/full_name/install/full_name/share/full_name/hook/cmake_prefix_path.sh'
[4.566s] Level 1:colcon.colcon_core.environment:checking '/home/user/robotics/ex09/full_name/install/full_name/lib'
[4.566s] Level 1:colcon.colcon_core.shell:create_environment_hook('full_name', 'ld_library_path_lib')
[4.566s] INFO:colcon.colcon_core.shell:Creating environment hook '/home/user/robotics/ex09/full_name/install/full_name/share/full_name/hook/ld_library_path_lib.ps1'
[4.566s] INFO:colcon.colcon_core.shell:Creating environment descriptor '/home/user/robotics/ex09/full_name/install/full_name/share/full_name/hook/ld_library_path_lib.dsv'
[4.567s] INFO:colcon.colcon_core.shell:Creating environment hook '/home/user/robotics/ex09/full_name/install/full_name/share/full_name/hook/ld_library_path_lib.sh'
[4.567s] Level 1:colcon.colcon_core.environment:checking '/home/user/robotics/ex09/full_name/install/full_name/bin'
[4.567s] Level 1:colcon.colcon_core.environment:checking '/home/user/robotics/ex09/full_name/install/full_name/lib/pkgconfig/full_name.pc'
[4.567s] Level 1:colcon.colcon_core.environment:checking '/home/user/robotics/ex09/full_name/install/full_name/lib/python3.10/site-packages'
[4.567s] Level 1:colcon.colcon_core.environment:checking '/home/user/robotics/ex09/full_name/install/full_name/bin'
[4.568s] INFO:colcon.colcon_core.shell:Creating package script '/home/user/robotics/ex09/full_name/install/full_name/share/full_name/package.ps1'
[4.568s] INFO:colcon.colcon_core.shell:Creating package descriptor '/home/user/robotics/ex09/full_name/install/full_name/share/full_name/package.dsv'
[4.569s] INFO:colcon.colcon_core.shell:Creating package script '/home/user/robotics/ex09/full_name/install/full_name/share/full_name/package.sh'
[4.570s] INFO:colcon.colcon_core.shell:Creating package script '/home/user/robotics/ex09/full_name/install/full_name/share/full_name/package.bash'
[4.571s] INFO:colcon.colcon_core.shell:Creating package script '/home/user/robotics/ex09/full_name/install/full_name/share/full_name/package.zsh'
[4.572s] Level 1:colcon.colcon_core.environment:create_file_with_runtime_dependencies(/home/user/robotics/ex09/full_name/install/full_name/share/colcon-core/packages/full_name)
[4.629s] Level 1:colcon.colcon_core.environment:create_environment_scripts_only(full_name)
[4.629s] Level 1:colcon.colcon_core.environment:checking '/home/user/robotics/ex09/full_name/install/full_name' for CMake module files
[4.630s] Level 1:colcon.colcon_core.environment:checking '/home/user/robotics/ex09/full_name/install/full_name' for CMake config files
[4.630s] Level 1:colcon.colcon_core.shell:create_environment_hook('full_name', 'cmake_prefix_path')
[4.630s] INFO:colcon.colcon_core.shell:Creating environment hook '/home/user/robotics/ex09/full_name/install/full_name/share/full_name/hook/cmake_prefix_path.ps1'
[4.631s] INFO:colcon.colcon_core.shell:Creating environment descriptor '/home/user/robotics/ex09/full_name/install/full_name/share/full_name/hook/cmake_prefix_path.dsv'
[4.631s] INFO:colcon.colcon_core.shell:Creating environment hook '/home/user/robotics/ex09/full_name/install/full_name/share/full_name/hook/cmake_prefix_path.sh'
[4.631s] Level 1:colcon.colcon_core.environment:checking '/home/user/robotics/ex09/full_name/install/full_name/lib'
[4.631s] Level 1:colcon.colcon_core.shell:create_environment_hook('full_name', 'ld_library_path_lib')
[4.632s] INFO:colcon.colcon_core.shell:Creating environment hook '/home/user/robotics/ex09/full_name/install/full_name/share/full_name/hook/ld_library_path_lib.ps1'
[4.632s] INFO:colcon.colcon_core.shell:Creating environment descriptor '/home/user/robotics/ex09/full_name/install/full_name/share/full_name/hook/ld_library_path_lib.dsv'
[4.632s] INFO:colcon.colcon_core.shell:Creating environment hook '/home/user/robotics/ex09/full_name/install/full_name/share/full_name/hook/ld_library_path_lib.sh'
[4.632s] Level 1:colcon.colcon_core.environment:checking '/home/user/robotics/ex09/full_name/install/full_name/bin'
[4.632s] Level 1:colcon.colcon_core.environment:checking '/home/user/robotics/ex09/full_name/install/full_name/lib/pkgconfig/full_name.pc'
[4.632s] Level 1:colcon.colcon_core.environment:checking '/home/user/robotics/ex09/full_name/install/full_name/lib/python3.10/site-packages'
[4.633s] Level 1:colcon.colcon_core.environment:checking '/home/user/robotics/ex09/full_name/install/full_name/bin'
[4.633s] INFO:colcon.colcon_core.shell:Creating package script '/home/user/robotics/ex09/full_name/install/full_name/share/full_name/package.ps1'
[4.633s] INFO:colcon.colcon_core.shell:Creating package descriptor '/home/user/robotics/ex09/full_name/install/full_name/share/full_name/package.dsv'
[4.634s] INFO:colcon.colcon_core.shell:Creating package script '/home/user/robotics/ex09/full_name/install/full_name/share/full_name/package.sh'
[4.634s] INFO:colcon.colcon_core.shell:Creating package script '/home/user/robotics/ex09/full_name/install/full_name/share/full_name/package.bash'
[4.634s] INFO:colcon.colcon_core.shell:Creating package script '/home/user/robotics/ex09/full_name/install/full_name/share/full_name/package.zsh'
[4.634s] Level 1:colcon.colcon_core.environment:create_file_with_runtime_dependencies(/home/user/robotics/ex09/full_name/install/full_name/share/colcon-core/packages/full_name)
[4.635s] DEBUG:colcon.colcon_parallel_executor.executor.parallel:closing loop
[4.635s] DEBUG:colcon.colcon_parallel_executor.executor.parallel:loop closed
[4.635s] DEBUG:colcon.colcon_parallel_executor.executor.parallel:run_until_complete finished with '0'
[4.635s] DEBUG:colcon.colcon_core.event_reactor:joining thread
[4.672s] INFO:colcon.colcon_core.plugin_system:Skipping extension 'colcon_notification.desktop_notification.notify_send': Could not find 'notify-send'
[4.672s] INFO:colcon.colcon_core.plugin_system:Skipping extension 'colcon_notification.desktop_notification.terminal_notifier': Not used on non-Darwin systems
[4.672s] INFO:colcon.colcon_core.plugin_system:Skipping extension 'colcon_notification.desktop_notification.win32': Not used on non-Windows systems
[4.672s] INFO:colcon.colcon_notification.desktop_notification:Sending desktop notification using 'notify2'
[4.672s] DEBUG:colcon.colcon_notification.desktop_notification.notify2:Failed to initialize notify2: org.freedesktop.DBus.Error.FileNotFound: Failed to connect to socket /run/user/1000/bus: No such file or directory
[4.672s] DEBUG:colcon.colcon_core.event_reactor:joined thread
[4.672s] INFO:colcon.colcon_core.shell:Creating prefix script '/home/user/robotics/ex09/full_name/install/local_setup.ps1'
[4.673s] INFO:colcon.colcon_core.shell:Creating prefix util module '/home/user/robotics/ex09/full_name/install/_local_setup_util_ps1.py'
[4.675s] INFO:colcon.colcon_core.shell:Creating prefix chain script '/home/user/robotics/ex09/full_name/install/setup.ps1'
[4.677s] INFO:colcon.colcon_core.shell:Creating prefix script '/home/user/robotics/ex09/full_name/install/local_setup.sh'
[4.678s] INFO:colcon.colcon_core.shell:Creating prefix util module '/home/user/robotics/ex09/full_name/install/_local_setup_util_sh.py'
[4.678s] INFO:colcon.colcon_core.shell:Creating prefix chain script '/home/user/robotics/ex09/full_name/install/setup.sh'
[4.680s] INFO:colcon.colcon_core.shell:Creating prefix script '/home/user/robotics/ex09/full_name/install/local_setup.bash'
[4.681s] INFO:colcon.colcon_core.shell:Creating prefix chain script '/home/user/robotics/ex09/full_name/install/setup.bash'
[4.682s] INFO:colcon.colcon_core.shell:Creating prefix script '/home/user/robotics/ex09/full_name/install/local_setup.zsh'
[4.683s] INFO:colcon.colcon_core.shell:Creating prefix chain script '/home/user/robotics/ex09/full_name/install/setup.zsh'
