[0.009s] Invoking command in '/home/user/robotics/ex09/full_name/build/full_name': CMAKE_PREFIX_PATH=${CMAKE_PREFIX_PATH}:/opt/ros/humble /usr/bin/cmake --build /home/user/robotics/ex09/full_name/build/full_name -- -j12 -l12
[0.023s] -- Found ament_cmake: 1.3.10 (/opt/ros/humble/share/ament_cmake/cmake)
[0.127s] -- Found ament_lint_auto: 0.12.11 (/opt/ros/humble/share/ament_lint_auto/cmake)
[0.169s] -- Found geometry_msgs: 4.2.4 (/opt/ros/humble/share/geometry_msgs/cmake)
[0.261s] -- Found rosidl_generator_c: 3.1.5 (/opt/ros/humble/share/rosidl_generator_c/cmake)
[0.263s] -- Found rosidl_adapter: 3.1.5 (/opt/ros/humble/share/rosidl_adapter/cmake)
[0.267s] -- Found rosidl_generator_cpp: 3.1.5 (/opt/ros/humble/share/rosidl_generator_cpp/cmake)
[0.273s] -- Using all available rosidl_typesupport_c: rosidl_typesupport_fastrtps_c;rosidl_typesupport_introspection_c
[0.281s] -- Using all available rosidl_typesupport_cpp: rosidl_typesupport_fastrtps_cpp;rosidl_typesupport_introspection_cpp
[0.305s] -- Found rosidl_default_generators: 1.2.0 (/opt/ros/humble/share/rosidl_default_generators/cmake)
[0.429s] -- Found ament_cmake_ros: 0.10.0 (/opt/ros/humble/share/ament_cmake_ros/cmake)
[0.618s] -- Using all available rosidl_typesupport_c: rosidl_typesupport_fastrtps_c;rosidl_typesupport_introspection_c
[0.692s] -- Using all available rosidl_typesupport_cpp: rosidl_typesupport_fastrtps_cpp;rosidl_typesupport_introspection_cpp
[0.706s] -- Found python_cmake_module: 0.10.0 (/opt/ros/humble/share/python_cmake_module/cmake)
[0.721s] -- Using PYTHON_EXECUTABLE: /usr/bin/python3
[0.721s] -- Using PYTHON_INCLUDE_DIRS: /usr/include/python3.10
[0.721s] -- Using PYTHON_LIBRARIES: /usr/lib/x86_64-linux-gnu/libpython3.10.so
[0.761s] -- Added test 'cppcheck' to perform static code analysis on C / C++ code
[0.762s] -- Configured cppcheck include dirs: $<BUILD_INTERFACE:/home/user/robotics/ex09/full_name/build/full_name/rosidl_generator_c>;$<BUILD_INTERFACE:/home/user/robotics/ex09/full_name/build/full_name/rosidl_typesupport_fastrtps_c>;$<BUILD_INTERFACE:/home/user/robotics/ex09/full_name/build/full_name/rosidl_generator_cpp>;$<BUILD_INTERFACE:/home/user/robotics/ex09/full_name/build/full_name/rosidl_typesupport_fastrtps_cpp>;$<BUILD_INTERFACE:/home/user/robotics/ex09/full_name/build/full_name/rosidl_typesupport_introspection_c>;$<BUILD_INTERFACE:/home/user/robotics/ex09/full_name/build/full_name/rosidl_typesupport_introspection_cpp>;/home/user/robotics/ex09/full_name/build/full_name/rosidl_generator_c;/home/user/robotics/ex09/full_name/build/full_name/rosidl_generator_py
[0.762s] -- Configured cppcheck exclude dirs and/or files: 
[0.766s] -- Added test 'flake8' to check Python code syntax and style conventions
[0.774s] -- Added test 'lint_cmake' to check CMake code style
[0.778s] -- Added test 'pep257' to check Python code against some of the docstring style conventions in PEP 257
[0.809s] -- Added test 'uncrustify' to check C / C++ code style
[0.809s] -- Configured uncrustify additional arguments: 
[0.813s] -- Added test 'xmllint' to check XML markup files
[0.822s] -- Found rclcpp: 16.0.10 (/opt/ros/humble/share/rclcpp/cmake)
[0.944s] -- Found rmw_implementation_cmake: 6.1.2 (/opt/ros/humble/share/rmw_implementation_cmake/cmake)
[0.949s] -- Found rmw_fastrtps_cpp: 6.2.7 (/opt/ros/humble/share/rmw_fastrtps_cpp/cmake)
[1.848s] -- Found OpenSSL: /usr/lib/x86_64-linux-gnu/libcrypto.so (found version "3.0.2")  
[2.738s] -- Found FastRTPS: /opt/ros/humble/include  
[4.398s] -- Using RMW implementation 'rmw_fastrtps_cpp' as default
[4.413s] -- Looking for pthread.h
[4.695s] -- Looking for pthread.h - found
[4.696s] -- Performing Test CMAKE_HAVE_LIBC_PTHREAD
[4.808s] -- Performing Test CMAKE_HAVE_LIBC_PTHREAD - Success
[4.809s] -- Found Threads: TRUE  
[5.634s] -- Found full_name: 0.0.0 (/home/user/robotics/ex09/full_name/install/full_name/share/full_name/cmake)
[5.647s] [31mCMake Error at /opt/ros/humble/share/ament_cmake_target_dependencies/cmake/ament_target_dependencies.cmake:77 (message):
[5.647s]   ament_target_dependencies() the passed package name 'tutorial_interfaces'
[5.647s]   was not found before
[5.647s] Call Stack (most recent call first):
[5.647s]   CMakeLists.txt:39 (ament_target_dependencies)
[5.647s] 
[5.647s] [0m
[5.647s] -- Configuring incomplete, errors occurred!
[5.647s] See also "/home/user/robotics/ex09/full_name/build/full_name/CMakeFiles/CMakeOutput.log".
[5.656s] gmake: *** [Makefile:963: cmake_check_build_system] Error 1
[5.658s] Invoked command in '/home/user/robotics/ex09/full_name/build/full_name' returned '2': CMAKE_PREFIX_PATH=${CMAKE_PREFIX_PATH}:/opt/ros/humble /usr/bin/cmake --build /home/user/robotics/ex09/full_name/build/full_name -- -j12 -l12
