[0.008s] Invoking command in '/home/user/robotics/ex09/full_name/build/full_name': CMAKE_PREFIX_PATH=${CMAKE_PREFIX_PATH}:/opt/ros/humble /usr/bin/cmake /home/user/robotics/ex09/full_name -DCMAKE_INSTALL_PREFIX=/home/user/robotics/ex09/full_name/install/full_name
[0.263s] -- The C compiler identification is GNU 11.4.0
[0.692s] -- The CXX compiler identification is GNU 11.4.0
[0.904s] -- Detecting C compiler ABI info
[1.016s] -- Detecting C compiler ABI info - done
[1.021s] -- Check for working C compiler: /usr/bin/cc - skipped
[1.021s] -- Detecting C compile features
[1.022s] -- Detecting C compile features - done
[1.025s] -- Detecting CXX compiler ABI info
[1.128s] -- Detecting CXX compiler ABI info - done
[1.134s] -- Check for working CXX compiler: /usr/bin/c++ - skipped
[1.134s] -- Detecting CXX compile features
[1.134s] -- Detecting CXX compile features - done
[1.148s] -- Found ament_cmake: 1.3.10 (/opt/ros/humble/share/ament_cmake/cmake)
[1.245s] -- Found Python3: /usr/bin/python3 (found version "3.10.12") found components: Interpreter 
[1.306s] -- Found ament_lint_auto: 0.12.11 (/opt/ros/humble/share/ament_lint_auto/cmake)
[1.370s] -- Found geometry_msgs: 4.2.4 (/opt/ros/humble/share/geometry_msgs/cmake)
[1.480s] -- Found rosidl_generator_c: 3.1.5 (/opt/ros/humble/share/rosidl_generator_c/cmake)
[1.485s] -- Found rosidl_adapter: 3.1.5 (/opt/ros/humble/share/rosidl_adapter/cmake)
[1.490s] -- Found rosidl_generator_cpp: 3.1.5 (/opt/ros/humble/share/rosidl_generator_cpp/cmake)
[1.501s] -- Using all available rosidl_typesupport_c: rosidl_typesupport_fastrtps_c;rosidl_typesupport_introspection_c
[1.515s] -- Using all available rosidl_typesupport_cpp: rosidl_typesupport_fastrtps_cpp;rosidl_typesupport_introspection_cpp
[1.553s] -- Found rosidl_default_generators: 1.2.0 (/opt/ros/humble/share/rosidl_default_generators/cmake)
[1.691s] -- Found ament_cmake_ros: 0.10.0 (/opt/ros/humble/share/ament_cmake_ros/cmake)
[1.907s] -- Using all available rosidl_typesupport_c: rosidl_typesupport_fastrtps_c;rosidl_typesupport_introspection_c
[1.986s] -- Using all available rosidl_typesupport_cpp: rosidl_typesupport_fastrtps_cpp;rosidl_typesupport_introspection_cpp
[2.074s] -- Found PythonInterp: /usr/bin/python3 (found suitable version "3.10.12", minimum required is "3.6") 
[2.079s] -- Found python_cmake_module: 0.10.0 (/opt/ros/humble/share/python_cmake_module/cmake)
[2.341s] -- Found PythonLibs: /usr/lib/x86_64-linux-gnu/libpython3.10.so (found suitable version "3.10.12", minimum required is "3.5") 
[2.341s] -- Using PYTHON_EXECUTABLE: /usr/bin/python3
[2.341s] -- Using PYTHON_INCLUDE_DIRS: /usr/include/python3.10
[2.342s] -- Using PYTHON_LIBRARIES: /usr/lib/x86_64-linux-gnu/libpython3.10.so
[2.355s] -- Found PythonExtra: .so  
[2.419s] -- Added test 'cppcheck' to perform static code analysis on C / C++ code
[2.419s] -- Configured cppcheck include dirs: $<BUILD_INTERFACE:/home/user/robotics/ex09/full_name/build/full_name/rosidl_generator_c>;$<BUILD_INTERFACE:/home/user/robotics/ex09/full_name/build/full_name/rosidl_typesupport_fastrtps_c>;$<BUILD_INTERFACE:/home/user/robotics/ex09/full_name/build/full_name/rosidl_generator_cpp>;$<BUILD_INTERFACE:/home/user/robotics/ex09/full_name/build/full_name/rosidl_typesupport_fastrtps_cpp>;$<BUILD_INTERFACE:/home/user/robotics/ex09/full_name/build/full_name/rosidl_typesupport_introspection_c>;$<BUILD_INTERFACE:/home/user/robotics/ex09/full_name/build/full_name/rosidl_typesupport_introspection_cpp>;/home/user/robotics/ex09/full_name/build/full_name/rosidl_generator_c;/home/user/robotics/ex09/full_name/build/full_name/rosidl_generator_py
[2.419s] -- Configured cppcheck exclude dirs and/or files: 
[2.422s] -- Added test 'flake8' to check Python code syntax and style conventions
[2.424s] -- Added test 'lint_cmake' to check CMake code style
[2.427s] -- Added test 'pep257' to check Python code against some of the docstring style conventions in PEP 257
[2.434s] -- Added test 'uncrustify' to check C / C++ code style
[2.434s] -- Configured uncrustify additional arguments: 
[2.436s] -- Added test 'xmllint' to check XML markup files
[2.455s] -- Configuring done
[2.513s] -- Generating done
[2.515s] -- Build files have been written to: /home/user/robotics/ex09/full_name/build/full_name
[2.523s] Invoked command in '/home/user/robotics/ex09/full_name/build/full_name' returned '0': CMAKE_PREFIX_PATH=${CMAKE_PREFIX_PATH}:/opt/ros/humble /usr/bin/cmake /home/user/robotics/ex09/full_name -DCMAKE_INSTALL_PREFIX=/home/user/robotics/ex09/full_name/install/full_name
[2.525s] Invoking command in '/home/user/robotics/ex09/full_name/build/full_name': CMAKE_PREFIX_PATH=${CMAKE_PREFIX_PATH}:/opt/ros/humble /usr/bin/cmake --build /home/user/robotics/ex09/full_name/build/full_name -- -j12 -l12
[2.549s] [  2%] [34m[1mGenerating C code for ROS interfaces[0m
[2.555s] [  5%] [34m[1mGenerating C++ code for ROS interfaces[0m
[2.560s] [  5%] Built target ament_cmake_python_copy_full_name
[2.725s] running egg_info
[2.726s] creating full_name.egg-info
[2.726s] writing full_name.egg-info/PKG-INFO
[2.726s] writing dependency_links to full_name.egg-info/dependency_links.txt
[2.726s] writing top-level names to full_name.egg-info/top_level.txt
[2.726s] writing manifest file 'full_name.egg-info/SOURCES.txt'
[2.729s] reading manifest file 'full_name.egg-info/SOURCES.txt'
[2.730s] writing manifest file 'full_name.egg-info/SOURCES.txt'
[2.749s] [  5%] Built target ament_cmake_python_build_full_name_egg
[2.781s] [  5%] Built target full_name__cpp
[2.789s] [  7%] [34m[1mGenerating C++ introspection for ROS interfaces[0m
[2.790s] [ 10%] [34m[1mGenerating C++ type support for eProsima Fast-RTPS[0m
[2.791s] [ 12%] [34m[1mGenerating C++ type support dispatch for ROS interfaces[0m
[2.801s] [ 15%] [32mBuilding C object CMakeFiles/full_name__rosidl_generator_c.dir/rosidl_generator_c/full_name/srv/detail/full_name_sum_service__functions.c.o[0m
[2.801s] [ 17%] [32mBuilding C object CMakeFiles/full_name__rosidl_generator_c.dir/rosidl_generator_c/full_name/msg/detail/full_name_message__functions.c.o[0m
[2.894s] [ 20%] [32m[1mLinking C shared library libfull_name__rosidl_generator_c.so[0m
[2.956s] [ 20%] Built target full_name__rosidl_generator_c
[2.963s] [ 23%] [34m[1mGenerating C introspection for ROS interfaces[0m
[2.963s] [ 25%] [34m[1mGenerating C type support for eProsima Fast-RTPS[0m
[2.963s] [ 28%] [34m[1mGenerating C type support dispatch for ROS interfaces[0m
[2.980s] [ 30%] [32mBuilding CXX object CMakeFiles/full_name__rosidl_typesupport_cpp.dir/rosidl_typesupport_cpp/full_name/msg/full_name_message__type_support.cpp.o[0m
[2.981s] [ 33%] [32mBuilding CXX object CMakeFiles/full_name__rosidl_typesupport_cpp.dir/rosidl_typesupport_cpp/full_name/srv/full_name_sum_service__type_support.cpp.o[0m
[2.993s] [ 35%] [32mBuilding CXX object CMakeFiles/full_name__rosidl_typesupport_introspection_cpp.dir/rosidl_typesupport_introspection_cpp/full_name/srv/detail/full_name_sum_service__type_support.cpp.o[0m
[2.994s] [ 38%] [32mBuilding CXX object CMakeFiles/full_name__rosidl_typesupport_introspection_cpp.dir/rosidl_typesupport_introspection_cpp/full_name/msg/detail/full_name_message__type_support.cpp.o[0m
[3.010s] [ 41%] [32mBuilding CXX object CMakeFiles/full_name__rosidl_typesupport_fastrtps_cpp.dir/rosidl_typesupport_fastrtps_cpp/full_name/msg/detail/dds_fastrtps/full_name_message__type_support.cpp.o[0m
[3.011s] [ 43%] [32mBuilding CXX object CMakeFiles/full_name__rosidl_typesupport_fastrtps_cpp.dir/rosidl_typesupport_fastrtps_cpp/full_name/srv/detail/dds_fastrtps/full_name_sum_service__type_support.cpp.o[0m
[3.202s] [ 48%] [32mBuilding CXX object CMakeFiles/full_name__rosidl_typesupport_c.dir/rosidl_typesupport_c/full_name/msg/full_name_message__type_support.cpp.o[0m
[3.202s] [ 48%] [32mBuilding CXX object CMakeFiles/full_name__rosidl_typesupport_c.dir/rosidl_typesupport_c/full_name/srv/full_name_sum_service__type_support.cpp.o[0m
[3.233s] [ 53%] [32mBuilding CXX object CMakeFiles/full_name__rosidl_typesupport_fastrtps_c.dir/rosidl_typesupport_fastrtps_c/full_name/srv/detail/full_name_sum_service__type_support_c.cpp.o[0m
[3.233s] [ 53%] [32mBuilding CXX object CMakeFiles/full_name__rosidl_typesupport_fastrtps_c.dir/rosidl_typesupport_fastrtps_c/full_name/msg/detail/full_name_message__type_support_c.cpp.o[0m
[3.236s] [ 56%] [32m[1mLinking CXX shared library libfull_name__rosidl_typesupport_c.so[0m
[3.242s] [ 58%] [32mBuilding C object CMakeFiles/full_name__rosidl_typesupport_introspection_c.dir/rosidl_typesupport_introspection_c/full_name/msg/detail/full_name_message__type_support.c.o[0m
[3.242s] [ 61%] [32mBuilding C object CMakeFiles/full_name__rosidl_typesupport_introspection_c.dir/rosidl_typesupport_introspection_c/full_name/srv/detail/full_name_sum_service__type_support.c.o[0m
[3.278s] [ 64%] [32m[1mLinking C shared library libfull_name__rosidl_typesupport_introspection_c.so[0m
[3.318s] [ 66%] [32m[1mLinking CXX shared library libfull_name__rosidl_typesupport_cpp.so[0m
[3.378s] [ 66%] Built target full_name__rosidl_typesupport_c
[3.382s] [ 66%] Built target full_name__rosidl_typesupport_introspection_c
[3.427s] [ 66%] Built target full_name__rosidl_typesupport_cpp
[3.436s] [ 69%] [32m[1mLinking CXX shared library libfull_name__rosidl_typesupport_introspection_cpp.so[0m
[3.465s] [ 71%] [32m[1mLinking CXX shared library libfull_name__rosidl_typesupport_fastrtps_cpp.so[0m
[3.541s] [ 71%] Built target full_name__rosidl_typesupport_introspection_cpp
[3.590s] [ 74%] [32m[1mLinking CXX shared library libfull_name__rosidl_typesupport_fastrtps_c.so[0m
[3.597s] [ 74%] Built target full_name__rosidl_typesupport_fastrtps_cpp
[3.684s] [ 74%] Built target full_name__rosidl_typesupport_fastrtps_c
[3.695s] [ 74%] Built target full_name
[3.707s] [ 76%] [34m[1mGenerating Python code for ROS interfaces[0m
[3.981s] [ 76%] Built target full_name__py
[3.993s] [ 82%] [32mBuilding C object CMakeFiles/full_name__rosidl_generator_py.dir/rosidl_generator_py/full_name/srv/_full_name_sum_service_s.c.o[0m
[3.993s] [ 82%] [32mBuilding C object CMakeFiles/full_name__rosidl_generator_py.dir/rosidl_generator_py/full_name/msg/_full_name_message_s.c.o[0m
[4.140s] [ 84%] [32m[1mLinking C shared library rosidl_generator_py/full_name/libfull_name__rosidl_generator_py.so[0m
[4.213s] [ 84%] Built target full_name__rosidl_generator_py
[4.226s] [ 89%] [32mBuilding C object CMakeFiles/full_name__rosidl_typesupport_c__pyext.dir/rosidl_generator_py/full_name/_full_name_s.ep.rosidl_typesupport_c.c.o[0m
[4.226s] [ 89%] [32mBuilding C object CMakeFiles/full_name__rosidl_typesupport_fastrtps_c__pyext.dir/rosidl_generator_py/full_name/_full_name_s.ep.rosidl_typesupport_fastrtps_c.c.o[0m
[4.226s] [ 92%] [32mBuilding C object CMakeFiles/full_name__rosidl_typesupport_introspection_c__pyext.dir/rosidl_generator_py/full_name/_full_name_s.ep.rosidl_typesupport_introspection_c.c.o[0m
[4.291s] [ 97%] [32m[1mLinking C shared library rosidl_generator_py/full_name/full_name_s__rosidl_typesupport_introspection_c.cpython-310-x86_64-linux-gnu.so[0m
[4.291s] [ 97%] [32m[1mLinking C shared library rosidl_generator_py/full_name/full_name_s__rosidl_typesupport_c.cpython-310-x86_64-linux-gnu.so[0m
[4.294s] [100%] [32m[1mLinking C shared library rosidl_generator_py/full_name/full_name_s__rosidl_typesupport_fastrtps_c.cpython-310-x86_64-linux-gnu.so[0m
[4.348s] [100%] Built target full_name__rosidl_typesupport_c__pyext
[4.348s] [100%] Built target full_name__rosidl_typesupport_introspection_c__pyext
[4.366s] [100%] Built target full_name__rosidl_typesupport_fastrtps_c__pyext
[4.374s] Invoked command in '/home/user/robotics/ex09/full_name/build/full_name' returned '0': CMAKE_PREFIX_PATH=${CMAKE_PREFIX_PATH}:/opt/ros/humble /usr/bin/cmake --build /home/user/robotics/ex09/full_name/build/full_name -- -j12 -l12
[4.435s] Invoking command in '/home/user/robotics/ex09/full_name/build/full_name': CMAKE_PREFIX_PATH=${CMAKE_PREFIX_PATH}:/opt/ros/humble /usr/bin/cmake --install /home/user/robotics/ex09/full_name/build/full_name
[4.440s] -- Install configuration: ""
[4.441s] -- Installing: /home/user/robotics/ex09/full_name/install/full_name/share/ament_index/resource_index/rosidl_interfaces/full_name
[4.441s] -- Installing: /home/user/robotics/ex09/full_name/install/full_name/include/full_name/full_name
[4.441s] -- Installing: /home/user/robotics/ex09/full_name/install/full_name/include/full_name/full_name/msg
[4.441s] -- Installing: /home/user/robotics/ex09/full_name/install/full_name/include/full_name/full_name/msg/rosidl_generator_c__visibility_control.h
[4.442s] -- Installing: /home/user/robotics/ex09/full_name/install/full_name/include/full_name/full_name/msg/detail
[4.442s] -- Installing: /home/user/robotics/ex09/full_name/install/full_name/include/full_name/full_name/msg/detail/full_name_message__type_support.h
[4.442s] -- Installing: /home/user/robotics/ex09/full_name/install/full_name/include/full_name/full_name/msg/detail/full_name_message__functions.h
[4.442s] -- Installing: /home/user/robotics/ex09/full_name/install/full_name/include/full_name/full_name/msg/detail/full_name_message__struct.h
[4.442s] -- Installing: /home/user/robotics/ex09/full_name/install/full_name/include/full_name/full_name/msg/detail/full_name_message__functions.c
[4.442s] -- Installing: /home/user/robotics/ex09/full_name/install/full_name/include/full_name/full_name/msg/full_name_message.h
[4.442s] -- Installing: /home/user/robotics/ex09/full_name/install/full_name/include/full_name/full_name/srv
[4.443s] -- Installing: /home/user/robotics/ex09/full_name/install/full_name/include/full_name/full_name/srv/full_name_sum_service.h
[4.443s] -- Installing: /home/user/robotics/ex09/full_name/install/full_name/include/full_name/full_name/srv/detail
[4.443s] -- Installing: /home/user/robotics/ex09/full_name/install/full_name/include/full_name/full_name/srv/detail/full_name_sum_service__struct.h
[4.443s] -- Installing: /home/user/robotics/ex09/full_name/install/full_name/include/full_name/full_name/srv/detail/full_name_sum_service__functions.c
[4.443s] -- Installing: /home/user/robotics/ex09/full_name/install/full_name/include/full_name/full_name/srv/detail/full_name_sum_service__functions.h
[4.443s] -- Installing: /home/user/robotics/ex09/full_name/install/full_name/include/full_name/full_name/srv/detail/full_name_sum_service__type_support.h
[4.444s] -- Installing: /home/user/robotics/ex09/full_name/install/full_name/share/full_name/environment/library_path.sh
[4.444s] -- Installing: /home/user/robotics/ex09/full_name/install/full_name/share/full_name/environment/library_path.dsv
[4.444s] -- Installing: /home/user/robotics/ex09/full_name/install/full_name/lib/libfull_name__rosidl_generator_c.so
[4.444s] -- Set runtime path of "/home/user/robotics/ex09/full_name/install/full_name/lib/libfull_name__rosidl_generator_c.so" to ""
[4.444s] -- Up-to-date: /home/user/robotics/ex09/full_name/install/full_name/include/full_name/full_name
[4.445s] -- Up-to-date: /home/user/robotics/ex09/full_name/install/full_name/include/full_name/full_name/msg
[4.445s] -- Up-to-date: /home/user/robotics/ex09/full_name/install/full_name/include/full_name/full_name/msg/detail
[4.445s] -- Installing: /home/user/robotics/ex09/full_name/install/full_name/include/full_name/full_name/msg/detail/full_name_message__rosidl_typesupport_fastrtps_c.h
[4.445s] -- Installing: /home/user/robotics/ex09/full_name/install/full_name/include/full_name/full_name/msg/rosidl_typesupport_fastrtps_c__visibility_control.h
[4.445s] -- Up-to-date: /home/user/robotics/ex09/full_name/install/full_name/include/full_name/full_name/srv
[4.445s] -- Up-to-date: /home/user/robotics/ex09/full_name/install/full_name/include/full_name/full_name/srv/detail
[4.445s] -- Installing: /home/user/robotics/ex09/full_name/install/full_name/include/full_name/full_name/srv/detail/full_name_sum_service__rosidl_typesupport_fastrtps_c.h
[4.445s] -- Installing: /home/user/robotics/ex09/full_name/install/full_name/lib/libfull_name__rosidl_typesupport_fastrtps_c.so
[4.445s] -- Set runtime path of "/home/user/robotics/ex09/full_name/install/full_name/lib/libfull_name__rosidl_typesupport_fastrtps_c.so" to ""
[4.445s] -- Up-to-date: /home/user/robotics/ex09/full_name/install/full_name/include/full_name/full_name
[4.446s] -- Up-to-date: /home/user/robotics/ex09/full_name/install/full_name/include/full_name/full_name/msg
[4.446s] -- Up-to-date: /home/user/robotics/ex09/full_name/install/full_name/include/full_name/full_name/msg/detail
[4.446s] -- Installing: /home/user/robotics/ex09/full_name/install/full_name/include/full_name/full_name/msg/detail/full_name_message__traits.hpp
[4.446s] -- Installing: /home/user/robotics/ex09/full_name/install/full_name/include/full_name/full_name/msg/detail/full_name_message__struct.hpp
[4.446s] -- Installing: /home/user/robotics/ex09/full_name/install/full_name/include/full_name/full_name/msg/detail/full_name_message__builder.hpp
[4.446s] -- Installing: /home/user/robotics/ex09/full_name/install/full_name/include/full_name/full_name/msg/full_name_message.hpp
[4.446s] -- Up-to-date: /home/user/robotics/ex09/full_name/install/full_name/include/full_name/full_name/srv
[4.447s] -- Up-to-date: /home/user/robotics/ex09/full_name/install/full_name/include/full_name/full_name/srv/detail
[4.447s] -- Installing: /home/user/robotics/ex09/full_name/install/full_name/include/full_name/full_name/srv/detail/full_name_sum_service__builder.hpp
[4.447s] -- Installing: /home/user/robotics/ex09/full_name/install/full_name/include/full_name/full_name/srv/detail/full_name_sum_service__traits.hpp
[4.447s] -- Installing: /home/user/robotics/ex09/full_name/install/full_name/include/full_name/full_name/srv/detail/full_name_sum_service__struct.hpp
[4.447s] -- Installing: /home/user/robotics/ex09/full_name/install/full_name/include/full_name/full_name/srv/full_name_sum_service.hpp
[4.447s] -- Up-to-date: /home/user/robotics/ex09/full_name/install/full_name/include/full_name/full_name
[4.447s] -- Up-to-date: /home/user/robotics/ex09/full_name/install/full_name/include/full_name/full_name/msg
[4.447s] -- Installing: /home/user/robotics/ex09/full_name/install/full_name/include/full_name/full_name/msg/rosidl_typesupport_fastrtps_cpp__visibility_control.h
[4.447s] -- Up-to-date: /home/user/robotics/ex09/full_name/install/full_name/include/full_name/full_name/msg/detail
[4.447s] -- Installing: /home/user/robotics/ex09/full_name/install/full_name/include/full_name/full_name/msg/detail/full_name_message__rosidl_typesupport_fastrtps_cpp.hpp
[4.448s] -- Installing: /home/user/robotics/ex09/full_name/install/full_name/include/full_name/full_name/msg/detail/dds_fastrtps
[4.448s] -- Up-to-date: /home/user/robotics/ex09/full_name/install/full_name/include/full_name/full_name/srv
[4.448s] -- Up-to-date: /home/user/robotics/ex09/full_name/install/full_name/include/full_name/full_name/srv/detail
[4.448s] -- Installing: /home/user/robotics/ex09/full_name/install/full_name/include/full_name/full_name/srv/detail/full_name_sum_service__rosidl_typesupport_fastrtps_cpp.hpp
[4.448s] -- Installing: /home/user/robotics/ex09/full_name/install/full_name/include/full_name/full_name/srv/detail/dds_fastrtps
[4.448s] -- Installing: /home/user/robotics/ex09/full_name/install/full_name/lib/libfull_name__rosidl_typesupport_fastrtps_cpp.so
[4.448s] -- Set runtime path of "/home/user/robotics/ex09/full_name/install/full_name/lib/libfull_name__rosidl_typesupport_fastrtps_cpp.so" to ""
[4.449s] -- Up-to-date: /home/user/robotics/ex09/full_name/install/full_name/include/full_name/full_name
[4.449s] -- Up-to-date: /home/user/robotics/ex09/full_name/install/full_name/include/full_name/full_name/msg
[4.449s] -- Up-to-date: /home/user/robotics/ex09/full_name/install/full_name/include/full_name/full_name/msg/detail
[4.449s] -- Installing: /home/user/robotics/ex09/full_name/install/full_name/include/full_name/full_name/msg/detail/full_name_message__rosidl_typesupport_introspection_c.h
[4.449s] -- Installing: /home/user/robotics/ex09/full_name/install/full_name/include/full_name/full_name/msg/detail/full_name_message__type_support.c
[4.449s] -- Installing: /home/user/robotics/ex09/full_name/install/full_name/include/full_name/full_name/msg/rosidl_typesupport_introspection_c__visibility_control.h
[4.449s] -- Up-to-date: /home/user/robotics/ex09/full_name/install/full_name/include/full_name/full_name/srv
[4.449s] -- Up-to-date: /home/user/robotics/ex09/full_name/install/full_name/include/full_name/full_name/srv/detail
[4.449s] -- Installing: /home/user/robotics/ex09/full_name/install/full_name/include/full_name/full_name/srv/detail/full_name_sum_service__rosidl_typesupport_introspection_c.h
[4.450s] -- Installing: /home/user/robotics/ex09/full_name/install/full_name/include/full_name/full_name/srv/detail/full_name_sum_service__type_support.c
[4.450s] -- Installing: /home/user/robotics/ex09/full_name/install/full_name/lib/libfull_name__rosidl_typesupport_introspection_c.so
[4.450s] -- Set runtime path of "/home/user/robotics/ex09/full_name/install/full_name/lib/libfull_name__rosidl_typesupport_introspection_c.so" to ""
[4.450s] -- Installing: /home/user/robotics/ex09/full_name/install/full_name/lib/libfull_name__rosidl_typesupport_c.so
[4.450s] -- Set runtime path of "/home/user/robotics/ex09/full_name/install/full_name/lib/libfull_name__rosidl_typesupport_c.so" to ""
[4.450s] -- Up-to-date: /home/user/robotics/ex09/full_name/install/full_name/include/full_name/full_name
[4.450s] -- Up-to-date: /home/user/robotics/ex09/full_name/install/full_name/include/full_name/full_name/msg
[4.450s] -- Up-to-date: /home/user/robotics/ex09/full_name/install/full_name/include/full_name/full_name/msg/detail
[4.450s] -- Installing: /home/user/robotics/ex09/full_name/install/full_name/include/full_name/full_name/msg/detail/full_name_message__type_support.cpp
[4.451s] -- Installing: /home/user/robotics/ex09/full_name/install/full_name/include/full_name/full_name/msg/detail/full_name_message__rosidl_typesupport_introspection_cpp.hpp
[4.451s] -- Up-to-date: /home/user/robotics/ex09/full_name/install/full_name/include/full_name/full_name/srv
[4.451s] -- Up-to-date: /home/user/robotics/ex09/full_name/install/full_name/include/full_name/full_name/srv/detail
[4.451s] -- Installing: /home/user/robotics/ex09/full_name/install/full_name/include/full_name/full_name/srv/detail/full_name_sum_service__rosidl_typesupport_introspection_cpp.hpp
[4.451s] -- Installing: /home/user/robotics/ex09/full_name/install/full_name/include/full_name/full_name/srv/detail/full_name_sum_service__type_support.cpp
[4.451s] -- Installing: /home/user/robotics/ex09/full_name/install/full_name/lib/libfull_name__rosidl_typesupport_introspection_cpp.so
[4.451s] -- Set runtime path of "/home/user/robotics/ex09/full_name/install/full_name/lib/libfull_name__rosidl_typesupport_introspection_cpp.so" to ""
[4.451s] -- Installing: /home/user/robotics/ex09/full_name/install/full_name/lib/libfull_name__rosidl_typesupport_cpp.so
[4.451s] -- Set runtime path of "/home/user/robotics/ex09/full_name/install/full_name/lib/libfull_name__rosidl_typesupport_cpp.so" to ""
[4.451s] -- Installing: /home/user/robotics/ex09/full_name/install/full_name/share/full_name/environment/pythonpath.sh
[4.451s] -- Installing: /home/user/robotics/ex09/full_name/install/full_name/share/full_name/environment/pythonpath.dsv
[4.451s] -- Installing: /home/user/robotics/ex09/full_name/install/full_name/local/lib/python3.10/dist-packages/full_name-0.0.0-py3.10.egg-info
[4.452s] -- Installing: /home/user/robotics/ex09/full_name/install/full_name/local/lib/python3.10/dist-packages/full_name-0.0.0-py3.10.egg-info/PKG-INFO
[4.452s] -- Installing: /home/user/robotics/ex09/full_name/install/full_name/local/lib/python3.10/dist-packages/full_name-0.0.0-py3.10.egg-info/SOURCES.txt
[4.452s] -- Installing: /home/user/robotics/ex09/full_name/install/full_name/local/lib/python3.10/dist-packages/full_name-0.0.0-py3.10.egg-info/dependency_links.txt
[4.452s] -- Installing: /home/user/robotics/ex09/full_name/install/full_name/local/lib/python3.10/dist-packages/full_name-0.0.0-py3.10.egg-info/top_level.txt
[4.452s] -- Installing: /home/user/robotics/ex09/full_name/install/full_name/local/lib/python3.10/dist-packages/full_name
[4.452s] -- Installing: /home/user/robotics/ex09/full_name/install/full_name/local/lib/python3.10/dist-packages/full_name/full_name_s__rosidl_typesupport_fastrtps_c.cpython-310-x86_64-linux-gnu.so
[4.452s] -- Installing: /home/user/robotics/ex09/full_name/install/full_name/local/lib/python3.10/dist-packages/full_name/_full_name_s.ep.rosidl_typesupport_c.c
[4.452s] -- Installing: /home/user/robotics/ex09/full_name/install/full_name/local/lib/python3.10/dist-packages/full_name/_full_name_s.ep.rosidl_typesupport_fastrtps_c.c
[4.453s] -- Installing: /home/user/robotics/ex09/full_name/install/full_name/local/lib/python3.10/dist-packages/full_name/__init__.py
[4.453s] -- Installing: /home/user/robotics/ex09/full_name/install/full_name/local/lib/python3.10/dist-packages/full_name/msg
[4.453s] -- Installing: /home/user/robotics/ex09/full_name/install/full_name/local/lib/python3.10/dist-packages/full_name/msg/_full_name_message_s.c
[4.453s] -- Installing: /home/user/robotics/ex09/full_name/install/full_name/local/lib/python3.10/dist-packages/full_name/msg/__init__.py
[4.453s] -- Installing: /home/user/robotics/ex09/full_name/install/full_name/local/lib/python3.10/dist-packages/full_name/msg/_full_name_message.py
[4.453s] -- Installing: /home/user/robotics/ex09/full_name/install/full_name/local/lib/python3.10/dist-packages/full_name/full_name_s__rosidl_typesupport_c.cpython-310-x86_64-linux-gnu.so
[4.453s] -- Installing: /home/user/robotics/ex09/full_name/install/full_name/local/lib/python3.10/dist-packages/full_name/srv
[4.454s] -- Installing: /home/user/robotics/ex09/full_name/install/full_name/local/lib/python3.10/dist-packages/full_name/srv/_full_name_sum_service_s.c
[4.455s] -- Installing: /home/user/robotics/ex09/full_name/install/full_name/local/lib/python3.10/dist-packages/full_name/srv/__init__.py
[4.458s] -- Installing: /home/user/robotics/ex09/full_name/install/full_name/local/lib/python3.10/dist-packages/full_name/srv/_full_name_sum_service.py
[4.458s] -- Installing: /home/user/robotics/ex09/full_name/install/full_name/local/lib/python3.10/dist-packages/full_name/full_name_s__rosidl_typesupport_introspection_c.cpython-310-x86_64-linux-gnu.so
[4.458s] -- Installing: /home/user/robotics/ex09/full_name/install/full_name/local/lib/python3.10/dist-packages/full_name/_full_name_s.ep.rosidl_typesupport_introspection_c.c
[4.459s] -- Installing: /home/user/robotics/ex09/full_name/install/full_name/local/lib/python3.10/dist-packages/full_name/libfull_name__rosidl_generator_py.so
[4.488s] Listing '/home/user/robotics/ex09/full_name/install/full_name/local/lib/python3.10/dist-packages/full_name'...
[4.488s] Compiling '/home/user/robotics/ex09/full_name/install/full_name/local/lib/python3.10/dist-packages/full_name/__init__.py'...
[4.488s] Listing '/home/user/robotics/ex09/full_name/install/full_name/local/lib/python3.10/dist-packages/full_name/msg'...
[4.488s] Compiling '/home/user/robotics/ex09/full_name/install/full_name/local/lib/python3.10/dist-packages/full_name/msg/__init__.py'...
[4.488s] Compiling '/home/user/robotics/ex09/full_name/install/full_name/local/lib/python3.10/dist-packages/full_name/msg/_full_name_message.py'...
[4.488s] Listing '/home/user/robotics/ex09/full_name/install/full_name/local/lib/python3.10/dist-packages/full_name/srv'...
[4.488s] Compiling '/home/user/robotics/ex09/full_name/install/full_name/local/lib/python3.10/dist-packages/full_name/srv/__init__.py'...
[4.488s] Compiling '/home/user/robotics/ex09/full_name/install/full_name/local/lib/python3.10/dist-packages/full_name/srv/_full_name_sum_service.py'...
[4.491s] -- Installing: /home/user/robotics/ex09/full_name/install/full_name/local/lib/python3.10/dist-packages/full_name/full_name_s__rosidl_typesupport_fastrtps_c.cpython-310-x86_64-linux-gnu.so
[4.491s] -- Set runtime path of "/home/user/robotics/ex09/full_name/install/full_name/local/lib/python3.10/dist-packages/full_name/full_name_s__rosidl_typesupport_fastrtps_c.cpython-310-x86_64-linux-gnu.so" to ""
[4.491s] -- Installing: /home/user/robotics/ex09/full_name/install/full_name/local/lib/python3.10/dist-packages/full_name/full_name_s__rosidl_typesupport_introspection_c.cpython-310-x86_64-linux-gnu.so
[4.492s] -- Set runtime path of "/home/user/robotics/ex09/full_name/install/full_name/local/lib/python3.10/dist-packages/full_name/full_name_s__rosidl_typesupport_introspection_c.cpython-310-x86_64-linux-gnu.so" to ""
[4.492s] -- Installing: /home/user/robotics/ex09/full_name/install/full_name/local/lib/python3.10/dist-packages/full_name/full_name_s__rosidl_typesupport_c.cpython-310-x86_64-linux-gnu.so
[4.492s] -- Set runtime path of "/home/user/robotics/ex09/full_name/install/full_name/local/lib/python3.10/dist-packages/full_name/full_name_s__rosidl_typesupport_c.cpython-310-x86_64-linux-gnu.so" to ""
[4.492s] -- Installing: /home/user/robotics/ex09/full_name/install/full_name/lib/libfull_name__rosidl_generator_py.so
[4.493s] -- Set runtime path of "/home/user/robotics/ex09/full_name/install/full_name/lib/libfull_name__rosidl_generator_py.so" to ""
[4.493s] -- Installing: /home/user/robotics/ex09/full_name/install/full_name/share/full_name/msg/FullNameMessage.idl
[4.493s] -- Installing: /home/user/robotics/ex09/full_name/install/full_name/share/full_name/srv/FullNameSumService.idl
[4.493s] -- Installing: /home/user/robotics/ex09/full_name/install/full_name/share/full_name/msg/FullNameMessage.msg
[4.493s] -- Installing: /home/user/robotics/ex09/full_name/install/full_name/share/full_name/srv/FullNameSumService.srv
[4.493s] -- Installing: /home/user/robotics/ex09/full_name/install/full_name/share/full_name/srv/FullNameSumService_Request.msg
[4.494s] -- Installing: /home/user/robotics/ex09/full_name/install/full_name/share/full_name/srv/FullNameSumService_Response.msg
[4.494s] -- Installing: /home/user/robotics/ex09/full_name/install/full_name/share/ament_index/resource_index/package_run_dependencies/full_name
[4.494s] -- Installing: /home/user/robotics/ex09/full_name/install/full_name/share/ament_index/resource_index/parent_prefix_path/full_name
[4.494s] -- Installing: /home/user/robotics/ex09/full_name/install/full_name/share/full_name/environment/ament_prefix_path.sh
[4.494s] -- Installing: /home/user/robotics/ex09/full_name/install/full_name/share/full_name/environment/ament_prefix_path.dsv
[4.495s] -- Installing: /home/user/robotics/ex09/full_name/install/full_name/share/full_name/environment/path.sh
[4.495s] -- Installing: /home/user/robotics/ex09/full_name/install/full_name/share/full_name/environment/path.dsv
[4.495s] -- Installing: /home/user/robotics/ex09/full_name/install/full_name/share/full_name/local_setup.bash
[4.495s] -- Installing: /home/user/robotics/ex09/full_name/install/full_name/share/full_name/local_setup.sh
[4.495s] -- Installing: /home/user/robotics/ex09/full_name/install/full_name/share/full_name/local_setup.zsh
[4.495s] -- Installing: /home/user/robotics/ex09/full_name/install/full_name/share/full_name/local_setup.dsv
[4.495s] -- Installing: /home/user/robotics/ex09/full_name/install/full_name/share/full_name/package.dsv
[4.496s] -- Installing: /home/user/robotics/ex09/full_name/install/full_name/share/ament_index/resource_index/packages/full_name
[4.496s] -- Installing: /home/user/robotics/ex09/full_name/install/full_name/share/full_name/cmake/export_full_name__rosidl_generator_cExport.cmake
[4.496s] -- Installing: /home/user/robotics/ex09/full_name/install/full_name/share/full_name/cmake/export_full_name__rosidl_generator_cExport-noconfig.cmake
[4.496s] -- Installing: /home/user/robotics/ex09/full_name/install/full_name/share/full_name/cmake/export_full_name__rosidl_typesupport_fastrtps_cExport.cmake
[4.496s] -- Installing: /home/user/robotics/ex09/full_name/install/full_name/share/full_name/cmake/export_full_name__rosidl_typesupport_fastrtps_cExport-noconfig.cmake
[4.497s] -- Installing: /home/user/robotics/ex09/full_name/install/full_name/share/full_name/cmake/export_full_name__rosidl_generator_cppExport.cmake
[4.497s] -- Installing: /home/user/robotics/ex09/full_name/install/full_name/share/full_name/cmake/export_full_name__rosidl_typesupport_fastrtps_cppExport.cmake
[4.497s] -- Installing: /home/user/robotics/ex09/full_name/install/full_name/share/full_name/cmake/export_full_name__rosidl_typesupport_fastrtps_cppExport-noconfig.cmake
[4.497s] -- Installing: /home/user/robotics/ex09/full_name/install/full_name/share/full_name/cmake/full_name__rosidl_typesupport_introspection_cExport.cmake
[4.497s] -- Installing: /home/user/robotics/ex09/full_name/install/full_name/share/full_name/cmake/full_name__rosidl_typesupport_introspection_cExport-noconfig.cmake
[4.497s] -- Installing: /home/user/robotics/ex09/full_name/install/full_name/share/full_name/cmake/full_name__rosidl_typesupport_cExport.cmake
[4.497s] -- Installing: /home/user/robotics/ex09/full_name/install/full_name/share/full_name/cmake/full_name__rosidl_typesupport_cExport-noconfig.cmake
[4.498s] -- Installing: /home/user/robotics/ex09/full_name/install/full_name/share/full_name/cmake/full_name__rosidl_typesupport_introspection_cppExport.cmake
[4.498s] -- Installing: /home/user/robotics/ex09/full_name/install/full_name/share/full_name/cmake/full_name__rosidl_typesupport_introspection_cppExport-noconfig.cmake
[4.498s] -- Installing: /home/user/robotics/ex09/full_name/install/full_name/share/full_name/cmake/full_name__rosidl_typesupport_cppExport.cmake
[4.498s] -- Installing: /home/user/robotics/ex09/full_name/install/full_name/share/full_name/cmake/full_name__rosidl_typesupport_cppExport-noconfig.cmake
[4.498s] -- Installing: /home/user/robotics/ex09/full_name/install/full_name/share/full_name/cmake/export_full_name__rosidl_generator_pyExport.cmake
[4.498s] -- Installing: /home/user/robotics/ex09/full_name/install/full_name/share/full_name/cmake/export_full_name__rosidl_generator_pyExport-noconfig.cmake
[4.498s] -- Installing: /home/user/robotics/ex09/full_name/install/full_name/share/full_name/cmake/rosidl_cmake-extras.cmake
[4.499s] -- Installing: /home/user/robotics/ex09/full_name/install/full_name/share/full_name/cmake/ament_cmake_export_include_directories-extras.cmake
[4.499s] -- Installing: /home/user/robotics/ex09/full_name/install/full_name/share/full_name/cmake/ament_cmake_export_libraries-extras.cmake
[4.499s] -- Installing: /home/user/robotics/ex09/full_name/install/full_name/share/full_name/cmake/ament_cmake_export_targets-extras.cmake
[4.499s] -- Installing: /home/user/robotics/ex09/full_name/install/full_name/share/full_name/cmake/rosidl_cmake_export_typesupport_targets-extras.cmake
[4.499s] -- Installing: /home/user/robotics/ex09/full_name/install/full_name/share/full_name/cmake/ament_cmake_export_dependencies-extras.cmake
[4.499s] -- Installing: /home/user/robotics/ex09/full_name/install/full_name/share/full_name/cmake/rosidl_cmake_export_typesupport_libraries-extras.cmake
[4.500s] -- Installing: /home/user/robotics/ex09/full_name/install/full_name/share/full_name/cmake/full_nameConfig.cmake
[4.500s] -- Installing: /home/user/robotics/ex09/full_name/install/full_name/share/full_name/cmake/full_nameConfig-version.cmake
[4.500s] -- Installing: /home/user/robotics/ex09/full_name/install/full_name/share/full_name/package.xml
[4.502s] Invoked command in '/home/user/robotics/ex09/full_name/build/full_name' returned '0': CMAKE_PREFIX_PATH=${CMAKE_PREFIX_PATH}:/opt/ros/humble /usr/bin/cmake --install /home/user/robotics/ex09/full_name/build/full_name
