[  2%] Built target full_name__cpp
[ 11%] Built target full_name__rosidl_generator_c
[ 11%] Built target ament_cmake_python_copy_full_name
[ 23%] Built target full_name__rosidl_typesupport_cpp
[ 30%] Built target full_name__rosidl_typesupport_c
[ 39%] Built target full_name__rosidl_typesupport_introspection_c
[ 48%] Built target full_name__rosidl_typesupport_introspection_cpp
[ 58%] Built target full_name__rosidl_typesupport_fastrtps_cpp
[ 67%] Built target full_name__rosidl_typesupport_fastrtps_c
[35m[1mConsolidate compiler generated dependencies of target listener[0m
[35m[1mConsolidate compiler generated dependencies of target talker[0m
[ 67%] Built target full_name
[ 72%] Built target talker
[ 76%] Built target listener
[ 79%] Built target full_name__py
[ 86%] Built target full_name__rosidl_generator_py
[ 90%] Built target full_name__rosidl_typesupport_fastrtps_c__pyext
[ 95%] Built target full_name__rosidl_typesupport_introspection_c__pyext
[100%] Built target full_name__rosidl_typesupport_c__pyext
running egg_info
writing full_name.egg-info/PKG-INFO
writing dependency_links to full_name.egg-info/dependency_links.txt
writing top-level names to full_name.egg-info/top_level.txt
reading manifest file 'full_name.egg-info/SOURCES.txt'
writing manifest file 'full_name.egg-info/SOURCES.txt'
[100%] Built target ament_cmake_python_build_full_name_egg
-- Install configuration: ""
-- Up-to-date: /home/user/robotics/ex09/full_name/install/full_name/share/ament_index/resource_index/rosidl_interfaces/full_name
-- Up-to-date: /home/user/robotics/ex09/full_name/install/full_name/include/full_name/full_name
-- Up-to-date: /home/user/robotics/ex09/full_name/install/full_name/include/full_name/full_name/msg
-- Up-to-date: /home/user/robotics/ex09/full_name/install/full_name/include/full_name/full_name/msg/rosidl_generator_c__visibility_control.h
-- Up-to-date: /home/user/robotics/ex09/full_name/install/full_name/include/full_name/full_name/msg/detail
-- Up-to-date: /home/user/robotics/ex09/full_name/install/full_name/include/full_name/full_name/msg/detail/full_name_message__type_support.h
-- Up-to-date: /home/user/robotics/ex09/full_name/install/full_name/include/full_name/full_name/msg/detail/full_name_message__functions.h
-- Up-to-date: /home/user/robotics/ex09/full_name/install/full_name/include/full_name/full_name/msg/detail/full_name_message__struct.h
-- Up-to-date: /home/user/robotics/ex09/full_name/install/full_name/include/full_name/full_name/msg/detail/full_name_message__functions.c
-- Up-to-date: /home/user/robotics/ex09/full_name/install/full_name/include/full_name/full_name/msg/full_name_message.h
-- Up-to-date: /home/user/robotics/ex09/full_name/install/full_name/include/full_name/full_name/srv
-- Up-to-date: /home/user/robotics/ex09/full_name/install/full_name/include/full_name/full_name/srv/full_name_sum_service.h
-- Up-to-date: /home/user/robotics/ex09/full_name/install/full_name/include/full_name/full_name/srv/detail
-- Up-to-date: /home/user/robotics/ex09/full_name/install/full_name/include/full_name/full_name/srv/detail/full_name_sum_service__struct.h
-- Up-to-date: /home/user/robotics/ex09/full_name/install/full_name/include/full_name/full_name/srv/detail/full_name_sum_service__functions.c
-- Up-to-date: /home/user/robotics/ex09/full_name/install/full_name/include/full_name/full_name/srv/detail/full_name_sum_service__functions.h
-- Up-to-date: /home/user/robotics/ex09/full_name/install/full_name/include/full_name/full_name/srv/detail/full_name_sum_service__type_support.h
-- Up-to-date: /home/user/robotics/ex09/full_name/install/full_name/share/full_name/environment/library_path.sh
-- Up-to-date: /home/user/robotics/ex09/full_name/install/full_name/share/full_name/environment/library_path.dsv
-- Up-to-date: /home/user/robotics/ex09/full_name/install/full_name/lib/libfull_name__rosidl_generator_c.so
-- Up-to-date: /home/user/robotics/ex09/full_name/install/full_name/include/full_name/full_name
-- Up-to-date: /home/user/robotics/ex09/full_name/install/full_name/include/full_name/full_name/msg
-- Up-to-date: /home/user/robotics/ex09/full_name/install/full_name/include/full_name/full_name/msg/detail
-- Up-to-date: /home/user/robotics/ex09/full_name/install/full_name/include/full_name/full_name/msg/detail/full_name_message__rosidl_typesupport_fastrtps_c.h
-- Up-to-date: /home/user/robotics/ex09/full_name/install/full_name/include/full_name/full_name/msg/rosidl_typesupport_fastrtps_c__visibility_control.h
-- Up-to-date: /home/user/robotics/ex09/full_name/install/full_name/include/full_name/full_name/srv
-- Up-to-date: /home/user/robotics/ex09/full_name/install/full_name/include/full_name/full_name/srv/detail
-- Up-to-date: /home/user/robotics/ex09/full_name/install/full_name/include/full_name/full_name/srv/detail/full_name_sum_service__rosidl_typesupport_fastrtps_c.h
-- Up-to-date: /home/user/robotics/ex09/full_name/install/full_name/lib/libfull_name__rosidl_typesupport_fastrtps_c.so
-- Up-to-date: /home/user/robotics/ex09/full_name/install/full_name/include/full_name/full_name
-- Up-to-date: /home/user/robotics/ex09/full_name/install/full_name/include/full_name/full_name/msg
-- Up-to-date: /home/user/robotics/ex09/full_name/install/full_name/include/full_name/full_name/msg/detail
-- Up-to-date: /home/user/robotics/ex09/full_name/install/full_name/include/full_name/full_name/msg/detail/full_name_message__traits.hpp
-- Up-to-date: /home/user/robotics/ex09/full_name/install/full_name/include/full_name/full_name/msg/detail/full_name_message__struct.hpp
-- Up-to-date: /home/user/robotics/ex09/full_name/install/full_name/include/full_name/full_name/msg/detail/full_name_message__builder.hpp
-- Up-to-date: /home/user/robotics/ex09/full_name/install/full_name/include/full_name/full_name/msg/full_name_message.hpp
-- Up-to-date: /home/user/robotics/ex09/full_name/install/full_name/include/full_name/full_name/srv
-- Up-to-date: /home/user/robotics/ex09/full_name/install/full_name/include/full_name/full_name/srv/detail
-- Up-to-date: /home/user/robotics/ex09/full_name/install/full_name/include/full_name/full_name/srv/detail/full_name_sum_service__builder.hpp
-- Up-to-date: /home/user/robotics/ex09/full_name/install/full_name/include/full_name/full_name/srv/detail/full_name_sum_service__traits.hpp
-- Up-to-date: /home/user/robotics/ex09/full_name/install/full_name/include/full_name/full_name/srv/detail/full_name_sum_service__struct.hpp
-- Up-to-date: /home/user/robotics/ex09/full_name/install/full_name/include/full_name/full_name/srv/full_name_sum_service.hpp
-- Up-to-date: /home/user/robotics/ex09/full_name/install/full_name/include/full_name/full_name
-- Up-to-date: /home/user/robotics/ex09/full_name/install/full_name/include/full_name/full_name/msg
-- Up-to-date: /home/user/robotics/ex09/full_name/install/full_name/include/full_name/full_name/msg/rosidl_typesupport_fastrtps_cpp__visibility_control.h
-- Up-to-date: /home/user/robotics/ex09/full_name/install/full_name/include/full_name/full_name/msg/detail
-- Up-to-date: /home/user/robotics/ex09/full_name/install/full_name/include/full_name/full_name/msg/detail/full_name_message__rosidl_typesupport_fastrtps_cpp.hpp
-- Up-to-date: /home/user/robotics/ex09/full_name/install/full_name/include/full_name/full_name/msg/detail/dds_fastrtps
-- Up-to-date: /home/user/robotics/ex09/full_name/install/full_name/include/full_name/full_name/srv
-- Up-to-date: /home/user/robotics/ex09/full_name/install/full_name/include/full_name/full_name/srv/detail
-- Up-to-date: /home/user/robotics/ex09/full_name/install/full_name/include/full_name/full_name/srv/detail/full_name_sum_service__rosidl_typesupport_fastrtps_cpp.hpp
-- Up-to-date: /home/user/robotics/ex09/full_name/install/full_name/include/full_name/full_name/srv/detail/dds_fastrtps
-- Up-to-date: /home/user/robotics/ex09/full_name/install/full_name/lib/libfull_name__rosidl_typesupport_fastrtps_cpp.so
-- Up-to-date: /home/user/robotics/ex09/full_name/install/full_name/include/full_name/full_name
-- Up-to-date: /home/user/robotics/ex09/full_name/install/full_name/include/full_name/full_name/msg
-- Up-to-date: /home/user/robotics/ex09/full_name/install/full_name/include/full_name/full_name/msg/detail
-- Up-to-date: /home/user/robotics/ex09/full_name/install/full_name/include/full_name/full_name/msg/detail/full_name_message__rosidl_typesupport_introspection_c.h
-- Up-to-date: /home/user/robotics/ex09/full_name/install/full_name/include/full_name/full_name/msg/detail/full_name_message__type_support.c
-- Up-to-date: /home/user/robotics/ex09/full_name/install/full_name/include/full_name/full_name/msg/rosidl_typesupport_introspection_c__visibility_control.h
-- Up-to-date: /home/user/robotics/ex09/full_name/install/full_name/include/full_name/full_name/srv
-- Up-to-date: /home/user/robotics/ex09/full_name/install/full_name/include/full_name/full_name/srv/detail
-- Up-to-date: /home/user/robotics/ex09/full_name/install/full_name/include/full_name/full_name/srv/detail/full_name_sum_service__rosidl_typesupport_introspection_c.h
-- Up-to-date: /home/user/robotics/ex09/full_name/install/full_name/include/full_name/full_name/srv/detail/full_name_sum_service__type_support.c
-- Up-to-date: /home/user/robotics/ex09/full_name/install/full_name/lib/libfull_name__rosidl_typesupport_introspection_c.so
-- Up-to-date: /home/user/robotics/ex09/full_name/install/full_name/lib/libfull_name__rosidl_typesupport_c.so
-- Up-to-date: /home/user/robotics/ex09/full_name/install/full_name/include/full_name/full_name
-- Up-to-date: /home/user/robotics/ex09/full_name/install/full_name/include/full_name/full_name/msg
-- Up-to-date: /home/user/robotics/ex09/full_name/install/full_name/include/full_name/full_name/msg/detail
-- Up-to-date: /home/user/robotics/ex09/full_name/install/full_name/include/full_name/full_name/msg/detail/full_name_message__type_support.cpp
-- Up-to-date: /home/user/robotics/ex09/full_name/install/full_name/include/full_name/full_name/msg/detail/full_name_message__rosidl_typesupport_introspection_cpp.hpp
-- Up-to-date: /home/user/robotics/ex09/full_name/install/full_name/include/full_name/full_name/srv
-- Up-to-date: /home/user/robotics/ex09/full_name/install/full_name/include/full_name/full_name/srv/detail
-- Up-to-date: /home/user/robotics/ex09/full_name/install/full_name/include/full_name/full_name/srv/detail/full_name_sum_service__rosidl_typesupport_introspection_cpp.hpp
-- Up-to-date: /home/user/robotics/ex09/full_name/install/full_name/include/full_name/full_name/srv/detail/full_name_sum_service__type_support.cpp
-- Up-to-date: /home/user/robotics/ex09/full_name/install/full_name/lib/libfull_name__rosidl_typesupport_introspection_cpp.so
-- Up-to-date: /home/user/robotics/ex09/full_name/install/full_name/lib/libfull_name__rosidl_typesupport_cpp.so
-- Up-to-date: /home/user/robotics/ex09/full_name/install/full_name/share/full_name/environment/pythonpath.sh
-- Up-to-date: /home/user/robotics/ex09/full_name/install/full_name/share/full_name/environment/pythonpath.dsv
-- Up-to-date: /home/user/robotics/ex09/full_name/install/full_name/local/lib/python3.10/dist-packages/full_name-0.0.0-py3.10.egg-info
-- Installing: /home/user/robotics/ex09/full_name/install/full_name/local/lib/python3.10/dist-packages/full_name-0.0.0-py3.10.egg-info/PKG-INFO
-- Installing: /home/user/robotics/ex09/full_name/install/full_name/local/lib/python3.10/dist-packages/full_name-0.0.0-py3.10.egg-info/SOURCES.txt
-- Installing: /home/user/robotics/ex09/full_name/install/full_name/local/lib/python3.10/dist-packages/full_name-0.0.0-py3.10.egg-info/dependency_links.txt
-- Installing: /home/user/robotics/ex09/full_name/install/full_name/local/lib/python3.10/dist-packages/full_name-0.0.0-py3.10.egg-info/top_level.txt
-- Up-to-date: /home/user/robotics/ex09/full_name/install/full_name/local/lib/python3.10/dist-packages/full_name
-- Up-to-date: /home/user/robotics/ex09/full_name/install/full_name/local/lib/python3.10/dist-packages/full_name/full_name_s__rosidl_typesupport_fastrtps_c.cpython-310-x86_64-linux-gnu.so
-- Up-to-date: /home/user/robotics/ex09/full_name/install/full_name/local/lib/python3.10/dist-packages/full_name/_full_name_s.ep.rosidl_typesupport_c.c
-- Up-to-date: /home/user/robotics/ex09/full_name/install/full_name/local/lib/python3.10/dist-packages/full_name/_full_name_s.ep.rosidl_typesupport_fastrtps_c.c
-- Up-to-date: /home/user/robotics/ex09/full_name/install/full_name/local/lib/python3.10/dist-packages/full_name/__init__.py
-- Up-to-date: /home/user/robotics/ex09/full_name/install/full_name/local/lib/python3.10/dist-packages/full_name/msg
-- Up-to-date: /home/user/robotics/ex09/full_name/install/full_name/local/lib/python3.10/dist-packages/full_name/msg/_full_name_message_s.c
-- Up-to-date: /home/user/robotics/ex09/full_name/install/full_name/local/lib/python3.10/dist-packages/full_name/msg/__init__.py
-- Up-to-date: /home/user/robotics/ex09/full_name/install/full_name/local/lib/python3.10/dist-packages/full_name/msg/_full_name_message.py
-- Up-to-date: /home/user/robotics/ex09/full_name/install/full_name/local/lib/python3.10/dist-packages/full_name/full_name_s__rosidl_typesupport_c.cpython-310-x86_64-linux-gnu.so
-- Up-to-date: /home/user/robotics/ex09/full_name/install/full_name/local/lib/python3.10/dist-packages/full_name/srv
-- Up-to-date: /home/user/robotics/ex09/full_name/install/full_name/local/lib/python3.10/dist-packages/full_name/srv/_full_name_sum_service_s.c
-- Up-to-date: /home/user/robotics/ex09/full_name/install/full_name/local/lib/python3.10/dist-packages/full_name/srv/__init__.py
-- Up-to-date: /home/user/robotics/ex09/full_name/install/full_name/local/lib/python3.10/dist-packages/full_name/srv/_full_name_sum_service.py
-- Up-to-date: /home/user/robotics/ex09/full_name/install/full_name/local/lib/python3.10/dist-packages/full_name/full_name_s__rosidl_typesupport_introspection_c.cpython-310-x86_64-linux-gnu.so
-- Up-to-date: /home/user/robotics/ex09/full_name/install/full_name/local/lib/python3.10/dist-packages/full_name/_full_name_s.ep.rosidl_typesupport_introspection_c.c
-- Up-to-date: /home/user/robotics/ex09/full_name/install/full_name/local/lib/python3.10/dist-packages/full_name/libfull_name__rosidl_generator_py.so
Listing '/home/user/robotics/ex09/full_name/install/full_name/local/lib/python3.10/dist-packages/full_name'...
Listing '/home/user/robotics/ex09/full_name/install/full_name/local/lib/python3.10/dist-packages/full_name/msg'...
Listing '/home/user/robotics/ex09/full_name/install/full_name/local/lib/python3.10/dist-packages/full_name/srv'...
-- Up-to-date: /home/user/robotics/ex09/full_name/install/full_name/local/lib/python3.10/dist-packages/full_name/full_name_s__rosidl_typesupport_fastrtps_c.cpython-310-x86_64-linux-gnu.so
-- Up-to-date: /home/user/robotics/ex09/full_name/install/full_name/local/lib/python3.10/dist-packages/full_name/full_name_s__rosidl_typesupport_introspection_c.cpython-310-x86_64-linux-gnu.so
-- Up-to-date: /home/user/robotics/ex09/full_name/install/full_name/local/lib/python3.10/dist-packages/full_name/full_name_s__rosidl_typesupport_c.cpython-310-x86_64-linux-gnu.so
-- Up-to-date: /home/user/robotics/ex09/full_name/install/full_name/lib/libfull_name__rosidl_generator_py.so
-- Up-to-date: /home/user/robotics/ex09/full_name/install/full_name/share/full_name/msg/FullNameMessage.idl
-- Up-to-date: /home/user/robotics/ex09/full_name/install/full_name/share/full_name/srv/FullNameSumService.idl
-- Up-to-date: /home/user/robotics/ex09/full_name/install/full_name/share/full_name/msg/FullNameMessage.msg
-- Up-to-date: /home/user/robotics/ex09/full_name/install/full_name/share/full_name/srv/FullNameSumService.srv
-- Up-to-date: /home/user/robotics/ex09/full_name/install/full_name/share/full_name/srv/FullNameSumService_Request.msg
-- Up-to-date: /home/user/robotics/ex09/full_name/install/full_name/share/full_name/srv/FullNameSumService_Response.msg
-- Up-to-date: /home/user/robotics/ex09/full_name/install/full_name/lib/full_name/talker
-- Up-to-date: /home/user/robotics/ex09/full_name/install/full_name/lib/full_name/listener
-- Up-to-date: /home/user/robotics/ex09/full_name/install/full_name/share/ament_index/resource_index/package_run_dependencies/full_name
-- Up-to-date: /home/user/robotics/ex09/full_name/install/full_name/share/ament_index/resource_index/parent_prefix_path/full_name
-- Up-to-date: /home/user/robotics/ex09/full_name/install/full_name/share/full_name/environment/ament_prefix_path.sh
-- Up-to-date: /home/user/robotics/ex09/full_name/install/full_name/share/full_name/environment/ament_prefix_path.dsv
-- Up-to-date: /home/user/robotics/ex09/full_name/install/full_name/share/full_name/environment/path.sh
-- Up-to-date: /home/user/robotics/ex09/full_name/install/full_name/share/full_name/environment/path.dsv
-- Up-to-date: /home/user/robotics/ex09/full_name/install/full_name/share/full_name/local_setup.bash
-- Up-to-date: /home/user/robotics/ex09/full_name/install/full_name/share/full_name/local_setup.sh
-- Up-to-date: /home/user/robotics/ex09/full_name/install/full_name/share/full_name/local_setup.zsh
-- Up-to-date: /home/user/robotics/ex09/full_name/install/full_name/share/full_name/local_setup.dsv
-- Installing: /home/user/robotics/ex09/full_name/install/full_name/share/full_name/package.dsv
-- Up-to-date: /home/user/robotics/ex09/full_name/install/full_name/share/ament_index/resource_index/packages/full_name
-- Up-to-date: /home/user/robotics/ex09/full_name/install/full_name/share/full_name/cmake/export_full_name__rosidl_generator_cExport.cmake
-- Up-to-date: /home/user/robotics/ex09/full_name/install/full_name/share/full_name/cmake/export_full_name__rosidl_generator_cExport-noconfig.cmake
-- Up-to-date: /home/user/robotics/ex09/full_name/install/full_name/share/full_name/cmake/export_full_name__rosidl_typesupport_fastrtps_cExport.cmake
-- Up-to-date: /home/user/robotics/ex09/full_name/install/full_name/share/full_name/cmake/export_full_name__rosidl_typesupport_fastrtps_cExport-noconfig.cmake
-- Up-to-date: /home/user/robotics/ex09/full_name/install/full_name/share/full_name/cmake/export_full_name__rosidl_generator_cppExport.cmake
-- Up-to-date: /home/user/robotics/ex09/full_name/install/full_name/share/full_name/cmake/export_full_name__rosidl_typesupport_fastrtps_cppExport.cmake
-- Up-to-date: /home/user/robotics/ex09/full_name/install/full_name/share/full_name/cmake/export_full_name__rosidl_typesupport_fastrtps_cppExport-noconfig.cmake
-- Up-to-date: /home/user/robotics/ex09/full_name/install/full_name/share/full_name/cmake/full_name__rosidl_typesupport_introspection_cExport.cmake
-- Up-to-date: /home/user/robotics/ex09/full_name/install/full_name/share/full_name/cmake/full_name__rosidl_typesupport_introspection_cExport-noconfig.cmake
-- Up-to-date: /home/user/robotics/ex09/full_name/install/full_name/share/full_name/cmake/full_name__rosidl_typesupport_cExport.cmake
-- Up-to-date: /home/user/robotics/ex09/full_name/install/full_name/share/full_name/cmake/full_name__rosidl_typesupport_cExport-noconfig.cmake
-- Up-to-date: /home/user/robotics/ex09/full_name/install/full_name/share/full_name/cmake/full_name__rosidl_typesupport_introspection_cppExport.cmake
-- Up-to-date: /home/user/robotics/ex09/full_name/install/full_name/share/full_name/cmake/full_name__rosidl_typesupport_introspection_cppExport-noconfig.cmake
-- Up-to-date: /home/user/robotics/ex09/full_name/install/full_name/share/full_name/cmake/full_name__rosidl_typesupport_cppExport.cmake
-- Up-to-date: /home/user/robotics/ex09/full_name/install/full_name/share/full_name/cmake/full_name__rosidl_typesupport_cppExport-noconfig.cmake
-- Up-to-date: /home/user/robotics/ex09/full_name/install/full_name/share/full_name/cmake/export_full_name__rosidl_generator_pyExport.cmake
-- Up-to-date: /home/user/robotics/ex09/full_name/install/full_name/share/full_name/cmake/export_full_name__rosidl_generator_pyExport-noconfig.cmake
-- Up-to-date: /home/user/robotics/ex09/full_name/install/full_name/share/full_name/cmake/rosidl_cmake-extras.cmake
-- Up-to-date: /home/user/robotics/ex09/full_name/install/full_name/share/full_name/cmake/ament_cmake_export_include_directories-extras.cmake
-- Up-to-date: /home/user/robotics/ex09/full_name/install/full_name/share/full_name/cmake/ament_cmake_export_libraries-extras.cmake
-- Up-to-date: /home/user/robotics/ex09/full_name/install/full_name/share/full_name/cmake/ament_cmake_export_targets-extras.cmake
-- Up-to-date: /home/user/robotics/ex09/full_name/install/full_name/share/full_name/cmake/rosidl_cmake_export_typesupport_targets-extras.cmake
-- Up-to-date: /home/user/robotics/ex09/full_name/install/full_name/share/full_name/cmake/ament_cmake_export_dependencies-extras.cmake
-- Up-to-date: /home/user/robotics/ex09/full_name/install/full_name/share/full_name/cmake/rosidl_cmake_export_typesupport_libraries-extras.cmake
-- Up-to-date: /home/user/robotics/ex09/full_name/install/full_name/share/full_name/cmake/full_nameConfig.cmake
-- Up-to-date: /home/user/robotics/ex09/full_name/install/full_name/share/full_name/cmake/full_nameConfig-version.cmake
-- Up-to-date: /home/user/robotics/ex09/full_name/install/full_name/share/full_name/package.xml
