[0.009s] Invoking command in '/home/user/robotics/ex09/full_name/build/full_name': CMAKE_PREFIX_PATH=${CMAKE_PREFIX_PATH}:/opt/ros/humble /usr/bin/cmake --build /home/user/robotics/ex09/full_name/build/full_name -- -j12 -l12
[0.040s] [  2%] Built target full_name__cpp
[0.041s] [ 11%] Built target full_name__rosidl_generator_c
[0.047s] [ 11%] Built target ament_cmake_python_copy_full_name
[0.055s] [ 23%] Built target full_name__rosidl_typesupport_cpp
[0.055s] [ 30%] Built target full_name__rosidl_typesupport_c
[0.055s] [ 39%] Built target full_name__rosidl_typesupport_introspection_c
[0.056s] [ 48%] Built target full_name__rosidl_typesupport_introspection_cpp
[0.056s] [ 58%] Built target full_name__rosidl_typesupport_fastrtps_cpp
[0.058s] [ 67%] Built target full_name__rosidl_typesupport_fastrtps_c
[0.063s] [35m[1mConsolidate compiler generated dependencies of target listener[0m
[0.063s] [35m[1mConsolidate compiler generated dependencies of target talker[0m
[0.070s] [ 67%] Built target full_name
[0.077s] [ 72%] Built target talker
[0.078s] [ 76%] Built target listener
[0.082s] [ 79%] Built target full_name__py
[0.096s] [ 86%] Built target full_name__rosidl_generator_py
[0.109s] [ 90%] Built target full_name__rosidl_typesupport_fastrtps_c__pyext
[0.111s] [ 95%] Built target full_name__rosidl_typesupport_introspection_c__pyext
[0.113s] [100%] Built target full_name__rosidl_typesupport_c__pyext
[0.200s] running egg_info
[0.200s] writing full_name.egg-info/PKG-INFO
[0.200s] writing dependency_links to full_name.egg-info/dependency_links.txt
[0.201s] writing top-level names to full_name.egg-info/top_level.txt
[0.202s] reading manifest file 'full_name.egg-info/SOURCES.txt'
[0.202s] writing manifest file 'full_name.egg-info/SOURCES.txt'
[0.221s] [100%] Built target ament_cmake_python_build_full_name_egg
[0.229s] Invoked command in '/home/user/robotics/ex09/full_name/build/full_name' returned '0': CMAKE_PREFIX_PATH=${CMAKE_PREFIX_PATH}:/opt/ros/humble /usr/bin/cmake --build /home/user/robotics/ex09/full_name/build/full_name -- -j12 -l12
[0.293s] Invoking command in '/home/user/robotics/ex09/full_name/build/full_name': CMAKE_PREFIX_PATH=${CMAKE_PREFIX_PATH}:/opt/ros/humble /usr/bin/cmake --install /home/user/robotics/ex09/full_name/build/full_name
[0.298s] -- Install configuration: ""
[0.298s] -- Up-to-date: /home/user/robotics/ex09/full_name/install/full_name/share/ament_index/resource_index/rosidl_interfaces/full_name
[0.298s] -- Up-to-date: /home/user/robotics/ex09/full_name/install/full_name/include/full_name/full_name
[0.298s] -- Up-to-date: /home/user/robotics/ex09/full_name/install/full_name/include/full_name/full_name/msg
[0.299s] -- Up-to-date: /home/user/robotics/ex09/full_name/install/full_name/include/full_name/full_name/msg/rosidl_generator_c__visibility_control.h
[0.299s] -- Up-to-date: /home/user/robotics/ex09/full_name/install/full_name/include/full_name/full_name/msg/detail
[0.299s] -- Up-to-date: /home/user/robotics/ex09/full_name/install/full_name/include/full_name/full_name/msg/detail/full_name_message__type_support.h
[0.299s] -- Up-to-date: /home/user/robotics/ex09/full_name/install/full_name/include/full_name/full_name/msg/detail/full_name_message__functions.h
[0.299s] -- Up-to-date: /home/user/robotics/ex09/full_name/install/full_name/include/full_name/full_name/msg/detail/full_name_message__struct.h
[0.299s] -- Up-to-date: /home/user/robotics/ex09/full_name/install/full_name/include/full_name/full_name/msg/detail/full_name_message__functions.c
[0.299s] -- Up-to-date: /home/user/robotics/ex09/full_name/install/full_name/include/full_name/full_name/msg/full_name_message.h
[0.300s] -- Up-to-date: /home/user/robotics/ex09/full_name/install/full_name/include/full_name/full_name/srv
[0.300s] -- Up-to-date: /home/user/robotics/ex09/full_name/install/full_name/include/full_name/full_name/srv/full_name_sum_service.h
[0.300s] -- Up-to-date: /home/user/robotics/ex09/full_name/install/full_name/include/full_name/full_name/srv/detail
[0.300s] -- Up-to-date: /home/user/robotics/ex09/full_name/install/full_name/include/full_name/full_name/srv/detail/full_name_sum_service__struct.h
[0.300s] -- Up-to-date: /home/user/robotics/ex09/full_name/install/full_name/include/full_name/full_name/srv/detail/full_name_sum_service__functions.c
[0.300s] -- Up-to-date: /home/user/robotics/ex09/full_name/install/full_name/include/full_name/full_name/srv/detail/full_name_sum_service__functions.h
[0.300s] -- Up-to-date: /home/user/robotics/ex09/full_name/install/full_name/include/full_name/full_name/srv/detail/full_name_sum_service__type_support.h
[0.301s] -- Up-to-date: /home/user/robotics/ex09/full_name/install/full_name/share/full_name/environment/library_path.sh
[0.301s] -- Up-to-date: /home/user/robotics/ex09/full_name/install/full_name/share/full_name/environment/library_path.dsv
[0.301s] -- Up-to-date: /home/user/robotics/ex09/full_name/install/full_name/lib/libfull_name__rosidl_generator_c.so
[0.301s] -- Up-to-date: /home/user/robotics/ex09/full_name/install/full_name/include/full_name/full_name
[0.301s] -- Up-to-date: /home/user/robotics/ex09/full_name/install/full_name/include/full_name/full_name/msg
[0.301s] -- Up-to-date: /home/user/robotics/ex09/full_name/install/full_name/include/full_name/full_name/msg/detail
[0.301s] -- Up-to-date: /home/user/robotics/ex09/full_name/install/full_name/include/full_name/full_name/msg/detail/full_name_message__rosidl_typesupport_fastrtps_c.h
[0.301s] -- Up-to-date: /home/user/robotics/ex09/full_name/install/full_name/include/full_name/full_name/msg/rosidl_typesupport_fastrtps_c__visibility_control.h
[0.301s] -- Up-to-date: /home/user/robotics/ex09/full_name/install/full_name/include/full_name/full_name/srv
[0.301s] -- Up-to-date: /home/user/robotics/ex09/full_name/install/full_name/include/full_name/full_name/srv/detail
[0.302s] -- Up-to-date: /home/user/robotics/ex09/full_name/install/full_name/include/full_name/full_name/srv/detail/full_name_sum_service__rosidl_typesupport_fastrtps_c.h
[0.302s] -- Up-to-date: /home/user/robotics/ex09/full_name/install/full_name/lib/libfull_name__rosidl_typesupport_fastrtps_c.so
[0.302s] -- Up-to-date: /home/user/robotics/ex09/full_name/install/full_name/include/full_name/full_name
[0.302s] -- Up-to-date: /home/user/robotics/ex09/full_name/install/full_name/include/full_name/full_name/msg
[0.302s] -- Up-to-date: /home/user/robotics/ex09/full_name/install/full_name/include/full_name/full_name/msg/detail
[0.302s] -- Up-to-date: /home/user/robotics/ex09/full_name/install/full_name/include/full_name/full_name/msg/detail/full_name_message__traits.hpp
[0.302s] -- Up-to-date: /home/user/robotics/ex09/full_name/install/full_name/include/full_name/full_name/msg/detail/full_name_message__struct.hpp
[0.302s] -- Up-to-date: /home/user/robotics/ex09/full_name/install/full_name/include/full_name/full_name/msg/detail/full_name_message__builder.hpp
[0.302s] -- Up-to-date: /home/user/robotics/ex09/full_name/install/full_name/include/full_name/full_name/msg/full_name_message.hpp
[0.302s] -- Up-to-date: /home/user/robotics/ex09/full_name/install/full_name/include/full_name/full_name/srv
[0.303s] -- Up-to-date: /home/user/robotics/ex09/full_name/install/full_name/include/full_name/full_name/srv/detail
[0.303s] -- Up-to-date: /home/user/robotics/ex09/full_name/install/full_name/include/full_name/full_name/srv/detail/full_name_sum_service__builder.hpp
[0.303s] -- Up-to-date: /home/user/robotics/ex09/full_name/install/full_name/include/full_name/full_name/srv/detail/full_name_sum_service__traits.hpp
[0.303s] -- Up-to-date: /home/user/robotics/ex09/full_name/install/full_name/include/full_name/full_name/srv/detail/full_name_sum_service__struct.hpp
[0.303s] -- Up-to-date: /home/user/robotics/ex09/full_name/install/full_name/include/full_name/full_name/srv/full_name_sum_service.hpp
[0.303s] -- Up-to-date: /home/user/robotics/ex09/full_name/install/full_name/include/full_name/full_name
[0.303s] -- Up-to-date: /home/user/robotics/ex09/full_name/install/full_name/include/full_name/full_name/msg
[0.303s] -- Up-to-date: /home/user/robotics/ex09/full_name/install/full_name/include/full_name/full_name/msg/rosidl_typesupport_fastrtps_cpp__visibility_control.h
[0.303s] -- Up-to-date: /home/user/robotics/ex09/full_name/install/full_name/include/full_name/full_name/msg/detail
[0.304s] -- Up-to-date: /home/user/robotics/ex09/full_name/install/full_name/include/full_name/full_name/msg/detail/full_name_message__rosidl_typesupport_fastrtps_cpp.hpp
[0.304s] -- Up-to-date: /home/user/robotics/ex09/full_name/install/full_name/include/full_name/full_name/msg/detail/dds_fastrtps
[0.304s] -- Up-to-date: /home/user/robotics/ex09/full_name/install/full_name/include/full_name/full_name/srv
[0.304s] -- Up-to-date: /home/user/robotics/ex09/full_name/install/full_name/include/full_name/full_name/srv/detail
[0.304s] -- Up-to-date: /home/user/robotics/ex09/full_name/install/full_name/include/full_name/full_name/srv/detail/full_name_sum_service__rosidl_typesupport_fastrtps_cpp.hpp
[0.304s] -- Up-to-date: /home/user/robotics/ex09/full_name/install/full_name/include/full_name/full_name/srv/detail/dds_fastrtps
[0.304s] -- Up-to-date: /home/user/robotics/ex09/full_name/install/full_name/lib/libfull_name__rosidl_typesupport_fastrtps_cpp.so
[0.304s] -- Up-to-date: /home/user/robotics/ex09/full_name/install/full_name/include/full_name/full_name
[0.304s] -- Up-to-date: /home/user/robotics/ex09/full_name/install/full_name/include/full_name/full_name/msg
[0.304s] -- Up-to-date: /home/user/robotics/ex09/full_name/install/full_name/include/full_name/full_name/msg/detail
[0.304s] -- Up-to-date: /home/user/robotics/ex09/full_name/install/full_name/include/full_name/full_name/msg/detail/full_name_message__rosidl_typesupport_introspection_c.h
[0.304s] -- Up-to-date: /home/user/robotics/ex09/full_name/install/full_name/include/full_name/full_name/msg/detail/full_name_message__type_support.c
[0.304s] -- Up-to-date: /home/user/robotics/ex09/full_name/install/full_name/include/full_name/full_name/msg/rosidl_typesupport_introspection_c__visibility_control.h
[0.304s] -- Up-to-date: /home/user/robotics/ex09/full_name/install/full_name/include/full_name/full_name/srv
[0.304s] -- Up-to-date: /home/user/robotics/ex09/full_name/install/full_name/include/full_name/full_name/srv/detail
[0.304s] -- Up-to-date: /home/user/robotics/ex09/full_name/install/full_name/include/full_name/full_name/srv/detail/full_name_sum_service__rosidl_typesupport_introspection_c.h
[0.304s] -- Up-to-date: /home/user/robotics/ex09/full_name/install/full_name/include/full_name/full_name/srv/detail/full_name_sum_service__type_support.c
[0.304s] -- Up-to-date: /home/user/robotics/ex09/full_name/install/full_name/lib/libfull_name__rosidl_typesupport_introspection_c.so
[0.304s] -- Up-to-date: /home/user/robotics/ex09/full_name/install/full_name/lib/libfull_name__rosidl_typesupport_c.so
[0.304s] -- Up-to-date: /home/user/robotics/ex09/full_name/install/full_name/include/full_name/full_name
[0.304s] -- Up-to-date: /home/user/robotics/ex09/full_name/install/full_name/include/full_name/full_name/msg
[0.304s] -- Up-to-date: /home/user/robotics/ex09/full_name/install/full_name/include/full_name/full_name/msg/detail
[0.304s] -- Up-to-date: /home/user/robotics/ex09/full_name/install/full_name/include/full_name/full_name/msg/detail/full_name_message__type_support.cpp
[0.305s] -- Up-to-date: /home/user/robotics/ex09/full_name/install/full_name/include/full_name/full_name/msg/detail/full_name_message__rosidl_typesupport_introspection_cpp.hpp
[0.305s] -- Up-to-date: /home/user/robotics/ex09/full_name/install/full_name/include/full_name/full_name/srv
[0.305s] -- Up-to-date: /home/user/robotics/ex09/full_name/install/full_name/include/full_name/full_name/srv/detail
[0.305s] -- Up-to-date: /home/user/robotics/ex09/full_name/install/full_name/include/full_name/full_name/srv/detail/full_name_sum_service__rosidl_typesupport_introspection_cpp.hpp
[0.305s] -- Up-to-date: /home/user/robotics/ex09/full_name/install/full_name/include/full_name/full_name/srv/detail/full_name_sum_service__type_support.cpp
[0.305s] -- Up-to-date: /home/user/robotics/ex09/full_name/install/full_name/lib/libfull_name__rosidl_typesupport_introspection_cpp.so
[0.305s] -- Up-to-date: /home/user/robotics/ex09/full_name/install/full_name/lib/libfull_name__rosidl_typesupport_cpp.so
[0.305s] -- Up-to-date: /home/user/robotics/ex09/full_name/install/full_name/share/full_name/environment/pythonpath.sh
[0.305s] -- Up-to-date: /home/user/robotics/ex09/full_name/install/full_name/share/full_name/environment/pythonpath.dsv
[0.305s] -- Up-to-date: /home/user/robotics/ex09/full_name/install/full_name/local/lib/python3.10/dist-packages/full_name-0.0.0-py3.10.egg-info
[0.305s] -- Installing: /home/user/robotics/ex09/full_name/install/full_name/local/lib/python3.10/dist-packages/full_name-0.0.0-py3.10.egg-info/PKG-INFO
[0.305s] -- Installing: /home/user/robotics/ex09/full_name/install/full_name/local/lib/python3.10/dist-packages/full_name-0.0.0-py3.10.egg-info/SOURCES.txt
[0.305s] -- Installing: /home/user/robotics/ex09/full_name/install/full_name/local/lib/python3.10/dist-packages/full_name-0.0.0-py3.10.egg-info/dependency_links.txt
[0.305s] -- Installing: /home/user/robotics/ex09/full_name/install/full_name/local/lib/python3.10/dist-packages/full_name-0.0.0-py3.10.egg-info/top_level.txt
[0.305s] -- Up-to-date: /home/user/robotics/ex09/full_name/install/full_name/local/lib/python3.10/dist-packages/full_name
[0.305s] -- Up-to-date: /home/user/robotics/ex09/full_name/install/full_name/local/lib/python3.10/dist-packages/full_name/full_name_s__rosidl_typesupport_fastrtps_c.cpython-310-x86_64-linux-gnu.so
[0.305s] -- Up-to-date: /home/user/robotics/ex09/full_name/install/full_name/local/lib/python3.10/dist-packages/full_name/_full_name_s.ep.rosidl_typesupport_c.c
[0.305s] -- Up-to-date: /home/user/robotics/ex09/full_name/install/full_name/local/lib/python3.10/dist-packages/full_name/_full_name_s.ep.rosidl_typesupport_fastrtps_c.c
[0.305s] -- Up-to-date: /home/user/robotics/ex09/full_name/install/full_name/local/lib/python3.10/dist-packages/full_name/__init__.py
[0.305s] -- Up-to-date: /home/user/robotics/ex09/full_name/install/full_name/local/lib/python3.10/dist-packages/full_name/msg
[0.305s] -- Up-to-date: /home/user/robotics/ex09/full_name/install/full_name/local/lib/python3.10/dist-packages/full_name/msg/_full_name_message_s.c
[0.305s] -- Up-to-date: /home/user/robotics/ex09/full_name/install/full_name/local/lib/python3.10/dist-packages/full_name/msg/__init__.py
[0.305s] -- Up-to-date: /home/user/robotics/ex09/full_name/install/full_name/local/lib/python3.10/dist-packages/full_name/msg/_full_name_message.py
[0.305s] -- Up-to-date: /home/user/robotics/ex09/full_name/install/full_name/local/lib/python3.10/dist-packages/full_name/full_name_s__rosidl_typesupport_c.cpython-310-x86_64-linux-gnu.so
[0.306s] -- Up-to-date: /home/user/robotics/ex09/full_name/install/full_name/local/lib/python3.10/dist-packages/full_name/srv
[0.306s] -- Up-to-date: /home/user/robotics/ex09/full_name/install/full_name/local/lib/python3.10/dist-packages/full_name/srv/_full_name_sum_service_s.c
[0.306s] -- Up-to-date: /home/user/robotics/ex09/full_name/install/full_name/local/lib/python3.10/dist-packages/full_name/srv/__init__.py
[0.306s] -- Up-to-date: /home/user/robotics/ex09/full_name/install/full_name/local/lib/python3.10/dist-packages/full_name/srv/_full_name_sum_service.py
[0.306s] -- Up-to-date: /home/user/robotics/ex09/full_name/install/full_name/local/lib/python3.10/dist-packages/full_name/full_name_s__rosidl_typesupport_introspection_c.cpython-310-x86_64-linux-gnu.so
[0.306s] -- Up-to-date: /home/user/robotics/ex09/full_name/install/full_name/local/lib/python3.10/dist-packages/full_name/_full_name_s.ep.rosidl_typesupport_introspection_c.c
[0.306s] -- Up-to-date: /home/user/robotics/ex09/full_name/install/full_name/local/lib/python3.10/dist-packages/full_name/libfull_name__rosidl_generator_py.so
[0.323s] Listing '/home/user/robotics/ex09/full_name/install/full_name/local/lib/python3.10/dist-packages/full_name'...
[0.323s] Listing '/home/user/robotics/ex09/full_name/install/full_name/local/lib/python3.10/dist-packages/full_name/msg'...
[0.323s] Listing '/home/user/robotics/ex09/full_name/install/full_name/local/lib/python3.10/dist-packages/full_name/srv'...
[0.326s] -- Up-to-date: /home/user/robotics/ex09/full_name/install/full_name/local/lib/python3.10/dist-packages/full_name/full_name_s__rosidl_typesupport_fastrtps_c.cpython-310-x86_64-linux-gnu.so
[0.326s] -- Up-to-date: /home/user/robotics/ex09/full_name/install/full_name/local/lib/python3.10/dist-packages/full_name/full_name_s__rosidl_typesupport_introspection_c.cpython-310-x86_64-linux-gnu.so
[0.326s] -- Up-to-date: /home/user/robotics/ex09/full_name/install/full_name/local/lib/python3.10/dist-packages/full_name/full_name_s__rosidl_typesupport_c.cpython-310-x86_64-linux-gnu.so
[0.327s] -- Up-to-date: /home/user/robotics/ex09/full_name/install/full_name/lib/libfull_name__rosidl_generator_py.so
[0.327s] -- Up-to-date: /home/user/robotics/ex09/full_name/install/full_name/share/full_name/msg/FullNameMessage.idl
[0.327s] -- Up-to-date: /home/user/robotics/ex09/full_name/install/full_name/share/full_name/srv/FullNameSumService.idl
[0.327s] -- Up-to-date: /home/user/robotics/ex09/full_name/install/full_name/share/full_name/msg/FullNameMessage.msg
[0.327s] -- Up-to-date: /home/user/robotics/ex09/full_name/install/full_name/share/full_name/srv/FullNameSumService.srv
[0.327s] -- Up-to-date: /home/user/robotics/ex09/full_name/install/full_name/share/full_name/srv/FullNameSumService_Request.msg
[0.327s] -- Up-to-date: /home/user/robotics/ex09/full_name/install/full_name/share/full_name/srv/FullNameSumService_Response.msg
[0.328s] -- Up-to-date: /home/user/robotics/ex09/full_name/install/full_name/lib/full_name/talker
[0.328s] -- Up-to-date: /home/user/robotics/ex09/full_name/install/full_name/lib/full_name/listener
[0.328s] -- Up-to-date: /home/user/robotics/ex09/full_name/install/full_name/share/ament_index/resource_index/package_run_dependencies/full_name
[0.328s] -- Up-to-date: /home/user/robotics/ex09/full_name/install/full_name/share/ament_index/resource_index/parent_prefix_path/full_name
[0.328s] -- Up-to-date: /home/user/robotics/ex09/full_name/install/full_name/share/full_name/environment/ament_prefix_path.sh
[0.328s] -- Up-to-date: /home/user/robotics/ex09/full_name/install/full_name/share/full_name/environment/ament_prefix_path.dsv
[0.328s] -- Up-to-date: /home/user/robotics/ex09/full_name/install/full_name/share/full_name/environment/path.sh
[0.328s] -- Up-to-date: /home/user/robotics/ex09/full_name/install/full_name/share/full_name/environment/path.dsv
[0.328s] -- Up-to-date: /home/user/robotics/ex09/full_name/install/full_name/share/full_name/local_setup.bash
[0.329s] -- Up-to-date: /home/user/robotics/ex09/full_name/install/full_name/share/full_name/local_setup.sh
[0.329s] -- Up-to-date: /home/user/robotics/ex09/full_name/install/full_name/share/full_name/local_setup.zsh
[0.329s] -- Up-to-date: /home/user/robotics/ex09/full_name/install/full_name/share/full_name/local_setup.dsv
[0.329s] -- Installing: /home/user/robotics/ex09/full_name/install/full_name/share/full_name/package.dsv
[0.329s] -- Up-to-date: /home/user/robotics/ex09/full_name/install/full_name/share/ament_index/resource_index/packages/full_name
[0.329s] -- Up-to-date: /home/user/robotics/ex09/full_name/install/full_name/share/full_name/cmake/export_full_name__rosidl_generator_cExport.cmake
[0.329s] -- Up-to-date: /home/user/robotics/ex09/full_name/install/full_name/share/full_name/cmake/export_full_name__rosidl_generator_cExport-noconfig.cmake
[0.329s] -- Up-to-date: /home/user/robotics/ex09/full_name/install/full_name/share/full_name/cmake/export_full_name__rosidl_typesupport_fastrtps_cExport.cmake
[0.330s] -- Up-to-date: /home/user/robotics/ex09/full_name/install/full_name/share/full_name/cmake/export_full_name__rosidl_typesupport_fastrtps_cExport-noconfig.cmake
[0.330s] -- Up-to-date: /home/user/robotics/ex09/full_name/install/full_name/share/full_name/cmake/export_full_name__rosidl_generator_cppExport.cmake
[0.330s] -- Up-to-date: /home/user/robotics/ex09/full_name/install/full_name/share/full_name/cmake/export_full_name__rosidl_typesupport_fastrtps_cppExport.cmake
[0.330s] -- Up-to-date: /home/user/robotics/ex09/full_name/install/full_name/share/full_name/cmake/export_full_name__rosidl_typesupport_fastrtps_cppExport-noconfig.cmake
[0.330s] -- Up-to-date: /home/user/robotics/ex09/full_name/install/full_name/share/full_name/cmake/full_name__rosidl_typesupport_introspection_cExport.cmake
[0.330s] -- Up-to-date: /home/user/robotics/ex09/full_name/install/full_name/share/full_name/cmake/full_name__rosidl_typesupport_introspection_cExport-noconfig.cmake
[0.330s] -- Up-to-date: /home/user/robotics/ex09/full_name/install/full_name/share/full_name/cmake/full_name__rosidl_typesupport_cExport.cmake
[0.330s] -- Up-to-date: /home/user/robotics/ex09/full_name/install/full_name/share/full_name/cmake/full_name__rosidl_typesupport_cExport-noconfig.cmake
[0.330s] -- Up-to-date: /home/user/robotics/ex09/full_name/install/full_name/share/full_name/cmake/full_name__rosidl_typesupport_introspection_cppExport.cmake
[0.330s] -- Up-to-date: /home/user/robotics/ex09/full_name/install/full_name/share/full_name/cmake/full_name__rosidl_typesupport_introspection_cppExport-noconfig.cmake
[0.330s] -- Up-to-date: /home/user/robotics/ex09/full_name/install/full_name/share/full_name/cmake/full_name__rosidl_typesupport_cppExport.cmake
[0.330s] -- Up-to-date: /home/user/robotics/ex09/full_name/install/full_name/share/full_name/cmake/full_name__rosidl_typesupport_cppExport-noconfig.cmake
[0.330s] -- Up-to-date: /home/user/robotics/ex09/full_name/install/full_name/share/full_name/cmake/export_full_name__rosidl_generator_pyExport.cmake
[0.330s] -- Up-to-date: /home/user/robotics/ex09/full_name/install/full_name/share/full_name/cmake/export_full_name__rosidl_generator_pyExport-noconfig.cmake
[0.330s] -- Up-to-date: /home/user/robotics/ex09/full_name/install/full_name/share/full_name/cmake/rosidl_cmake-extras.cmake
[0.330s] -- Up-to-date: /home/user/robotics/ex09/full_name/install/full_name/share/full_name/cmake/ament_cmake_export_include_directories-extras.cmake
[0.330s] -- Up-to-date: /home/user/robotics/ex09/full_name/install/full_name/share/full_name/cmake/ament_cmake_export_libraries-extras.cmake
[0.331s] -- Up-to-date: /home/user/robotics/ex09/full_name/install/full_name/share/full_name/cmake/ament_cmake_export_targets-extras.cmake
[0.331s] -- Up-to-date: /home/user/robotics/ex09/full_name/install/full_name/share/full_name/cmake/rosidl_cmake_export_typesupport_targets-extras.cmake
[0.331s] -- Up-to-date: /home/user/robotics/ex09/full_name/install/full_name/share/full_name/cmake/ament_cmake_export_dependencies-extras.cmake
[0.331s] -- Up-to-date: /home/user/robotics/ex09/full_name/install/full_name/share/full_name/cmake/rosidl_cmake_export_typesupport_libraries-extras.cmake
[0.331s] -- Up-to-date: /home/user/robotics/ex09/full_name/install/full_name/share/full_name/cmake/full_nameConfig.cmake
[0.331s] -- Up-to-date: /home/user/robotics/ex09/full_name/install/full_name/share/full_name/cmake/full_nameConfig-version.cmake
[0.331s] -- Up-to-date: /home/user/robotics/ex09/full_name/install/full_name/share/full_name/package.xml
[0.332s] Invoked command in '/home/user/robotics/ex09/full_name/build/full_name' returned '0': CMAKE_PREFIX_PATH=${CMAKE_PREFIX_PATH}:/opt/ros/humble /usr/bin/cmake --install /home/user/robotics/ex09/full_name/build/full_name
