[0.363s] Invoking command in '/home/user/robotics/ex10/text_to_cmd_vel': PYTHONPATH=/home/user/robotics/ex10/text_to_cmd_vel/build/text_to_cmd_vel/prefix_override:/usr/lib/python3/dist-packages/colcon_core/task/python/colcon_distutils_commands:/home/user/robotics/ex10/text_to_cmd_vel/install/text_to_cmd_vel/lib/python3.10/site-packages:${PYTHONPATH} /usr/bin/python3 -W ignore:setup.py install is deprecated setup.py egg_info --egg-base build/text_to_cmd_vel build --build-base /home/user/robotics/ex10/text_to_cmd_vel/build/text_to_cmd_vel/build install --record /home/user/robotics/ex10/text_to_cmd_vel/build/text_to_cmd_vel/install.log --single-version-externally-managed install_data
[0.504s] running egg_info
[0.505s] creating build/text_to_cmd_vel/text_to_cmd_vel.egg-info
[0.505s] writing build/text_to_cmd_vel/text_to_cmd_vel.egg-info/PKG-INFO
[0.505s] writing dependency_links to build/text_to_cmd_vel/text_to_cmd_vel.egg-info/dependency_links.txt
[0.505s] writing entry points to build/text_to_cmd_vel/text_to_cmd_vel.egg-info/entry_points.txt
[0.505s] writing requirements to build/text_to_cmd_vel/text_to_cmd_vel.egg-info/requires.txt
[0.505s] writing top-level names to build/text_to_cmd_vel/text_to_cmd_vel.egg-info/top_level.txt
[0.506s] writing manifest file 'build/text_to_cmd_vel/text_to_cmd_vel.egg-info/SOURCES.txt'
[0.507s] reading manifest file 'build/text_to_cmd_vel/text_to_cmd_vel.egg-info/SOURCES.txt'
[0.507s] writing manifest file 'build/text_to_cmd_vel/text_to_cmd_vel.egg-info/SOURCES.txt'
[0.507s] running build
[0.507s] running build_py
[0.507s] creating /home/user/robotics/ex10/text_to_cmd_vel/build/text_to_cmd_vel/build
[0.508s] creating /home/user/robotics/ex10/text_to_cmd_vel/build/text_to_cmd_vel/build/lib
[0.508s] creating /home/user/robotics/ex10/text_to_cmd_vel/build/text_to_cmd_vel/build/lib/text_to_cmd_vel
[0.508s] copying text_to_cmd_vel/__init__.py -> /home/user/robotics/ex10/text_to_cmd_vel/build/text_to_cmd_vel/build/lib/text_to_cmd_vel
[0.508s] copying text_to_cmd_vel/text_to_cmd_vel.py -> /home/user/robotics/ex10/text_to_cmd_vel/build/text_to_cmd_vel/build/lib/text_to_cmd_vel
[0.508s] running install
[0.508s] running install_lib
[0.509s] creating /home/user/robotics/ex10/text_to_cmd_vel/install/text_to_cmd_vel/lib/python3.10/site-packages/text_to_cmd_vel
[0.509s] copying /home/user/robotics/ex10/text_to_cmd_vel/build/text_to_cmd_vel/build/lib/text_to_cmd_vel/__init__.py -> /home/user/robotics/ex10/text_to_cmd_vel/install/text_to_cmd_vel/lib/python3.10/site-packages/text_to_cmd_vel
[0.509s] copying /home/user/robotics/ex10/text_to_cmd_vel/build/text_to_cmd_vel/build/lib/text_to_cmd_vel/text_to_cmd_vel.py -> /home/user/robotics/ex10/text_to_cmd_vel/install/text_to_cmd_vel/lib/python3.10/site-packages/text_to_cmd_vel
[0.509s] byte-compiling /home/user/robotics/ex10/text_to_cmd_vel/install/text_to_cmd_vel/lib/python3.10/site-packages/text_to_cmd_vel/__init__.py to __init__.cpython-310.pyc
[0.509s] byte-compiling /home/user/robotics/ex10/text_to_cmd_vel/install/text_to_cmd_vel/lib/python3.10/site-packages/text_to_cmd_vel/text_to_cmd_vel.py to text_to_cmd_vel.cpython-310.pyc
[0.510s] running install_data
[0.510s] creating /home/user/robotics/ex10/text_to_cmd_vel/install/text_to_cmd_vel/share/ament_index
[0.510s] creating /home/user/robotics/ex10/text_to_cmd_vel/install/text_to_cmd_vel/share/ament_index/resource_index
[0.510s] creating /home/user/robotics/ex10/text_to_cmd_vel/install/text_to_cmd_vel/share/ament_index/resource_index/packages
[0.510s] copying resource/text_to_cmd_vel -> /home/user/robotics/ex10/text_to_cmd_vel/install/text_to_cmd_vel/share/ament_index/resource_index/packages
[0.511s] copying package.xml -> /home/user/robotics/ex10/text_to_cmd_vel/install/text_to_cmd_vel/share/text_to_cmd_vel
[0.511s] running install_egg_info
[0.512s] Copying build/text_to_cmd_vel/text_to_cmd_vel.egg-info to /home/user/robotics/ex10/text_to_cmd_vel/install/text_to_cmd_vel/lib/python3.10/site-packages/text_to_cmd_vel-0.0.0-py3.10.egg-info
[0.513s] running install_scripts
[0.525s] Installing text_to_cmd_vel script to /home/user/robotics/ex10/text_to_cmd_vel/install/text_to_cmd_vel/lib/text_to_cmd_vel
[0.525s] writing list of installed files to '/home/user/robotics/ex10/text_to_cmd_vel/build/text_to_cmd_vel/install.log'
[0.539s] Invoked command in '/home/user/robotics/ex10/text_to_cmd_vel' returned '0': PYTHONPATH=/home/user/robotics/ex10/text_to_cmd_vel/build/text_to_cmd_vel/prefix_override:/usr/lib/python3/dist-packages/colcon_core/task/python/colcon_distutils_commands:/home/user/robotics/ex10/text_to_cmd_vel/install/text_to_cmd_vel/lib/python3.10/site-packages:${PYTHONPATH} /usr/bin/python3 -W ignore:setup.py install is deprecated setup.py egg_info --egg-base build/text_to_cmd_vel build --build-base /home/user/robotics/ex10/text_to_cmd_vel/build/text_to_cmd_vel/build install --record /home/user/robotics/ex10/text_to_cmd_vel/build/text_to_cmd_vel/install.log --single-version-externally-managed install_data
