[0.356s] Invoking command in '/home/user/robotics/ex03/ROS': PYTHONPATH=/home/user/robotics/ex03/build/ROS/prefix_override:/usr/lib/python3/dist-packages/colcon_core/task/python/colcon_distutils_commands:/home/user/robotics/ex03/install/ROS/lib/python3.10/site-packages:${PYTHONPATH} /usr/bin/python3 -W ignore:setup.py install is deprecated setup.py egg_info --egg-base ../build/ROS build --build-base /home/user/robotics/ex03/build/ROS/build install --record /home/user/robotics/ex03/build/ROS/install.log --single-version-externally-managed install_data
[0.497s] running egg_info
[0.497s] writing ../build/ROS/ROS.egg-info/PKG-INFO
[0.497s] writing dependency_links to ../build/ROS/ROS.egg-info/dependency_links.txt
[0.498s] writing entry points to ../build/ROS/ROS.egg-info/entry_points.txt
[0.498s] writing requirements to ../build/ROS/ROS.egg-info/requires.txt
[0.498s] writing top-level names to ../build/ROS/ROS.egg-info/top_level.txt
[0.499s] reading manifest file '../build/ROS/ROS.egg-info/SOURCES.txt'
[0.499s] adding license file 'LICENSE'
[0.499s] writing manifest file '../build/ROS/ROS.egg-info/SOURCES.txt'
[0.499s] running build
[0.499s] running build_py
[0.500s] running install
[0.500s] running install_lib
[0.500s] running install_data
[0.500s] running install_egg_info
[0.501s] removing '/home/user/robotics/ex03/install/ROS/lib/python3.10/site-packages/ROS-0.0.0-py3.10.egg-info' (and everything under it)
[0.502s] Copying ../build/ROS/ROS.egg-info to /home/user/robotics/ex03/install/ROS/lib/python3.10/site-packages/ROS-0.0.0-py3.10.egg-info
[0.503s] running install_scripts
[0.516s] writing list of installed files to '/home/user/robotics/ex03/build/ROS/install.log'
[0.528s] Invoked command in '/home/user/robotics/ex03/ROS' returned '0': PYTHONPATH=/home/user/robotics/ex03/build/ROS/prefix_override:/usr/lib/python3/dist-packages/colcon_core/task/python/colcon_distutils_commands:/home/user/robotics/ex03/install/ROS/lib/python3.10/site-packages:${PYTHONPATH} /usr/bin/python3 -W ignore:setup.py install is deprecated setup.py egg_info --egg-base ../build/ROS build --build-base /home/user/robotics/ex03/build/ROS/build install --record /home/user/robotics/ex03/build/ROS/install.log --single-version-externally-managed install_data
