running egg_info
creating ../build/ROS/ROS.egg-info
writing ../build/ROS/ROS.egg-info/PKG-INFO
writing dependency_links to ../build/ROS/ROS.egg-info/dependency_links.txt
writing entry points to ../build/ROS/ROS.egg-info/entry_points.txt
writing requirements to ../build/ROS/ROS.egg-info/requires.txt
writing top-level names to ../build/ROS/ROS.egg-info/top_level.txt
writing manifest file '../build/ROS/ROS.egg-info/SOURCES.txt'
reading manifest file '../build/ROS/ROS.egg-info/SOURCES.txt'
adding license file 'LICENSE'
writing manifest file '../build/ROS/ROS.egg-info/SOURCES.txt'
running build
running build_py
creating /home/user/robotics/ex03/build/ROS/build
creating /home/user/robotics/ex03/build/ROS/build/lib
creating /home/user/robotics/ex03/build/ROS/build/lib/ROS
copying ROS/__init__.py -> /home/user/robotics/ex03/build/ROS/build/lib/ROS
running install
running install_lib
creating /home/user/robotics/ex03/install/ROS/lib/python3.10/site-packages/ROS
copying /home/user/robotics/ex03/build/ROS/build/lib/ROS/__init__.py -> /home/user/robotics/ex03/install/ROS/lib/python3.10/site-packages/ROS
byte-compiling /home/user/robotics/ex03/install/ROS/lib/python3.10/site-packages/ROS/__init__.py to __init__.cpython-310.pyc
running install_data
creating /home/user/robotics/ex03/install/ROS/share/ament_index
creating /home/user/robotics/ex03/install/ROS/share/ament_index/resource_index
creating /home/user/robotics/ex03/install/ROS/share/ament_index/resource_index/packages
copying resource/ROS -> /home/user/robotics/ex03/install/ROS/share/ament_index/resource_index/packages
copying package.xml -> /home/user/robotics/ex03/install/ROS/share/ROS
running install_egg_info
Copying ../build/ROS/ROS.egg-info to /home/user/robotics/ex03/install/ROS/lib/python3.10/site-packages/ROS-0.0.0-py3.10.egg-info
running install_scripts
writing list of installed files to '/home/user/robotics/ex03/build/ROS/install.log'
